2021-01-12T07:11:58+00:00 DEBUG ---[ New Import start at 2021-01-12 07:11:58 ] PHP Memory: 512 MB, WP Memory: 40 MB
2021-01-12T07:11:59+00:00 DEBUG Import Start Pos: 0, Import End Pos: 0
2021-01-12T07:11:59+00:00 DEBUG Parsing products CSV.
2021-01-12T07:11:59+00:00 DEBUG Finished parsing products CSV.
2021-01-12T07:11:59+00:00 DEBUG Processing products.
2021-01-12T07:11:59+00:00 DEBUG > Row 1 - preparing for import.
2021-01-12T07:11:59+00:00 DEBUG > Inserting Vodootporne spojnice žica za lemljenje (100 kom.)
2021-01-12T07:11:59+00:00 DEBUG > Inserted - post ID is 474319.
2021-01-12T07:12:00+00:00 DEBUG > > Importing image "https://mistermega.hr/wp-content/uploads/2021/01/wire0-min.jpg"
2021-01-12T07:12:00+00:00 DEBUG > > Inserted image attachment "https://mistermega.hr/wp-content/uploads/2021/01/wire0-min.jpg"
2021-01-12T07:12:00+00:00 DEBUG > > Imported image "https://mistermega.hr/wp-content/uploads/2021/01/wire0-min.jpg"
2021-01-12T07:12:00+00:00 DEBUG > > Importing image "https://mistermega.hr/wp-content/uploads/2021/01/wire3-min.jpg"
2021-01-12T07:12:00+00:00 DEBUG > > Inserted image attachment "https://mistermega.hr/wp-content/uploads/2021/01/wire3-min.jpg"
2021-01-12T07:12:00+00:00 DEBUG > > Imported image "https://mistermega.hr/wp-content/uploads/2021/01/wire3-min.jpg"
2021-01-12T07:12:00+00:00 DEBUG > > Importing image "https://mistermega.hr/wp-content/uploads/2021/01/wire1-min.jpg"
2021-01-12T07:12:01+00:00 DEBUG > > Inserted image attachment "https://mistermega.hr/wp-content/uploads/2021/01/wire1-min.jpg"
2021-01-12T07:12:01+00:00 DEBUG > > Imported image "https://mistermega.hr/wp-content/uploads/2021/01/wire1-min.jpg"
2021-01-12T07:12:01+00:00 DEBUG > > Images set
2021-01-12T07:12:01+00:00 DEBUG > Finished importing post ID 474319.
2021-01-12T07:12:01+00:00 DEBUG Finished processing products.
2021-01-12T07:12:05+00:00 DEBUG ---[ Import end at 2021-01-12 07:12:05]---
