2021-02-08T09:15:19+00:00 DEBUG mollie_wc_gateway_creditcard: Mollie payment object ord_5hxuzq (live) webhook call for order 474171.
2021-02-08T09:15:19+00:00 DEBUG Mollie_WC_Gateway_Abstract::orderNeedsPayment mollie_wc_gateway_creditcard: Order 474171 orderNeedsPayment check: yes, order not previously processed by Mollie gateway.
2021-02-08T09:15:19+00:00 DEBUG Mollie_WC_Payment_Order::onWebhookExpired called for order 474171
2021-02-08T09:15:20+00:00 DEBUG Mollie_WC_Plugin::cancelOrderAtMollie - 474171 - Try to process cancelled order at Mollie.
2021-02-08T09:15:20+00:00 DEBUG Mollie_WC_Plugin::cancelOrderAtMollie - 474171 - Order could not be canceled at Mollie, because order status is expired.
2021-02-08T11:41:12+00:00 DEBUG mollie_wc_gateway_creditcard: Start process_payment for order 479546
2021-02-08T11:41:12+00:00 DEBUG mollie_wc_gateway_creditcard: Create Mollie payment object for order 479546
2021-02-08T11:41:12+00:00 DEBUG mollie_wc_gateway_creditcard : Order 479546 returnUrl: https://mrmaks.eu/hr/wc-api/mollie_return?order_id=479546&key=wc_order_kMncSzrrbLpBC
2021-02-08T11:41:12+00:00 DEBUG mollie_wc_gateway_creditcard : Order 479546 webhookUrl: https://mrmaks.eu/hr/wc-api/mollie_wc_gateway_creditcard?order_id=479546&key=wc_order_kMncSzrrbLpBC
2021-02-08T11:41:12+00:00 DEBUG Creating payment object: type Order, first try creating a Mollie Order.
2021-02-08T11:41:12+00:00 DEBUG Array
(
    [amount] => Array
        (
            [currency] => HRK
            [value] => 210.00
        )

    [redirectUrl] => https://mrmaks.eu/hr/wc-api/mollie_return?order_id=479546&key=wc_order_kMncSzrrbLpBC
    [webhookUrl] => https://mrmaks.eu/hr/wc-api/mollie_wc_gateway_creditcard?order_id=479546&key=wc_order_kMncSzrrbLpBC
    [method] => creditcard
    [payment] => Array
        (
            [issuer] => 
            [customerId] => 
        )

    [locale] => en_US
    [metadata] => Array
        (
            [order_id] => 479546
            [order_number] => MAXHR-479546
        )

    [orderNumber] => MAXHR-479546
)

2021-02-08T11:41:12+00:00 DEBUG mollie_wc_gateway_creditcard: Mollie payment object ord_cuz9m6 (live) created for order 479546
2021-02-08T11:41:12+00:00 DEBUG For order 479546 redirect user to Mollie Checkout URL: https://www.mollie.com/payscreen/order/checkout/cuz9m6
2021-02-08T11:43:09+00:00 DEBUG mollie_wc_gateway_creditcard: Mollie payment object ord_cuz9m6 (live) webhook call for order 479546.
2021-02-08T11:43:09+00:00 DEBUG Mollie_WC_Gateway_Abstract::orderNeedsPayment mollie_wc_gateway_creditcard: Order 479546 orderNeedsPayment check: yes, order not previously processed by Mollie gateway.
2021-02-08T11:43:09+00:00 DEBUG Mollie_WC_Payment_Order::onWebhookPaid called for order 479546
2021-02-08T11:43:10+00:00 DEBUG Mollie_WC_Payment_Order::onWebhookPaid WooCommerce payment_complete() processed and returned to Mollie_WC_Payment_Order::onWebhookPaid for order 479546
2021-02-08T11:43:10+00:00 DEBUG Mollie_WC_Payment_Order::onWebhookPaid processing paid order via Mollie plugin fully completed for order 479546
2021-02-08T11:43:10+00:00 DEBUG Mollie_WC_Payment_Order::onWebhookPaid updated payment with webhook and metadata 
2021-02-08T11:43:11+00:00 DEBUG Mollie_WC_Gateway_Abstract::getReturnRedirectUrlForOrder 479546: Determine what the redirect URL in WooCommerce should be.
2021-02-08T11:43:11+00:00 DEBUG Mollie_WC_Plugin::onMollieReturn: Redirect url on return order mollie_wc_gateway_creditcard, order 479546: https://mrmaks.eu/hr/ukoncit-nakup/order-received/479546/?key=wc_order_kMncSzrrbLpBC&utm_nooverride=1
2021-02-08T11:45:45+00:00 DEBUG Mollie_WC_Gateway_Abstract::getReturnRedirectUrlForOrder 479546: Determine what the redirect URL in WooCommerce should be.
2021-02-08T11:45:45+00:00 DEBUG Mollie_WC_Plugin::onMollieReturn: Redirect url on return order mollie_wc_gateway_creditcard, order 479546: https://mrmaks.eu/hr/ukoncit-nakup/order-received/479546/?key=wc_order_kMncSzrrbLpBC&utm_nooverride=1
2021-02-08T11:45:47+00:00 DEBUG Mollie_WC_Gateway_Abstract::getReturnRedirectUrlForOrder 479546: Determine what the redirect URL in WooCommerce should be.
2021-02-08T11:45:47+00:00 DEBUG Mollie_WC_Plugin::onMollieReturn: Redirect url on return order mollie_wc_gateway_creditcard, order 479546: https://mrmaks.eu/hr/ukoncit-nakup/order-received/479546/?key=wc_order_kMncSzrrbLpBC&utm_nooverride=1
2021-02-08T16:55:16+00:00 DEBUG mollie_wc_gateway_creditcard: Mollie payment object ord_k9b4n0 (live) webhook call for order 474254.
2021-02-08T16:55:16+00:00 DEBUG Mollie_WC_Gateway_Abstract::orderNeedsPayment mollie_wc_gateway_creditcard: Order 474254 orderNeedsPayment check: yes, order not previously processed by Mollie gateway.
2021-02-08T16:55:16+00:00 DEBUG Mollie_WC_Payment_Order::onWebhookExpired called for order 474254
2021-02-08T16:55:16+00:00 DEBUG Mollie_WC_Plugin::cancelOrderAtMollie - 474254 - Try to process cancelled order at Mollie.
2021-02-08T16:55:16+00:00 DEBUG Mollie_WC_Plugin::cancelOrderAtMollie - 474254 - Order could not be canceled at Mollie, because order status is expired.
2021-02-08T20:45:16+00:00 DEBUG mollie_wc_gateway_creditcard: Mollie payment object ord_hgi2ra (live) webhook call for order 474274.
2021-02-08T20:45:16+00:00 DEBUG Mollie_WC_Gateway_Abstract::orderNeedsPayment mollie_wc_gateway_creditcard: Order 474274 orderNeedsPayment check: yes, order not previously processed by Mollie gateway.
2021-02-08T20:45:16+00:00 DEBUG Mollie_WC_Payment_Order::onWebhookExpired called for order 474274
2021-02-08T20:45:16+00:00 DEBUG Mollie_WC_Plugin::cancelOrderAtMollie - 474274 - Try to process cancelled order at Mollie.
2021-02-08T20:45:16+00:00 DEBUG Mollie_WC_Plugin::cancelOrderAtMollie - 474274 - Order could not be canceled at Mollie, because order status is expired.
