2021-01-12T07:10:34+00:00 DEBUG getApiPaymentMethods: Could not load Mollie methods (live): Error executing API call (400: Bad Request): The billingCountry is invalid. Field: billingCountry. Documentation: https://docs.mollie.com/guides/handling-errors (Mollie\Api\Exceptions\ApiException)
2021-01-12T07:10:34+00:00 DEBUG getApiPaymentMethods: Could not load Mollie methods (live): Error executing API call (400: Bad Request): The billingCountry is invalid. Field: billingCountry. Documentation: https://docs.mollie.com/guides/handling-errors (Mollie\Api\Exceptions\ApiException)
2021-01-12T07:10:35+00:00 DEBUG getApiPaymentMethods: Could not load Mollie methods (live): Error executing API call (400: Bad Request): The billingCountry is invalid. Field: billingCountry. Documentation: https://docs.mollie.com/guides/handling-errors (Mollie\Api\Exceptions\ApiException)
2021-01-12T07:10:35+00:00 DEBUG getApiPaymentMethods: Could not load Mollie methods (live): Error executing API call (400: Bad Request): The billingCountry is invalid. Field: billingCountry. Documentation: https://docs.mollie.com/guides/handling-errors (Mollie\Api\Exceptions\ApiException)
2021-01-12T12:10:06+00:00 DEBUG getApiPaymentMethods: Could not load Mollie methods (live): Error executing API call (400: Bad Request): The billingCountry is invalid. Field: billingCountry. Documentation: https://docs.mollie.com/guides/handling-errors (Mollie\Api\Exceptions\ApiException)
2021-01-12T12:10:06+00:00 DEBUG getApiPaymentMethods: Could not load Mollie methods (live): Error executing API call (400: Bad Request): The billingCountry is invalid. Field: billingCountry. Documentation: https://docs.mollie.com/guides/handling-errors (Mollie\Api\Exceptions\ApiException)
2021-01-12T12:10:06+00:00 DEBUG getApiPaymentMethods: Could not load Mollie methods (live): Error executing API call (400: Bad Request): The billingCountry is invalid. Field: billingCountry. Documentation: https://docs.mollie.com/guides/handling-errors (Mollie\Api\Exceptions\ApiException)
2021-01-12T12:10:06+00:00 DEBUG getApiPaymentMethods: Could not load Mollie methods (live): Error executing API call (400: Bad Request): The billingCountry is invalid. Field: billingCountry. Documentation: https://docs.mollie.com/guides/handling-errors (Mollie\Api\Exceptions\ApiException)
2021-01-12T16:44:52+00:00 DEBUG mollie_wc_gateway_creditcard: Start process_payment for order 474371
2021-01-12T16:44:52+00:00 DEBUG mollie_wc_gateway_creditcard: Create Mollie payment object for order 474371
2021-01-12T16:44:52+00:00 DEBUG mollie_wc_gateway_creditcard : Order 474371 returnUrl: https://mrmaks.eu/hr/wc-api/mollie_return?order_id=474371&key=wc_order_rvSZStLbvGGIP
2021-01-12T16:44:52+00:00 DEBUG mollie_wc_gateway_creditcard : Order 474371 webhookUrl: https://mrmaks.eu/hr/wc-api/mollie_wc_gateway_creditcard?order_id=474371&key=wc_order_rvSZStLbvGGIP
2021-01-12T16:44:52+00:00 DEBUG Creating payment object: type Order, first try creating a Mollie Order.
2021-01-12T16:44:52+00:00 DEBUG Array
(
    [amount] => Array
        (
            [currency] => HRK
            [value] => 187.00
        )

    [redirectUrl] => https://mrmaks.eu/hr/wc-api/mollie_return?order_id=474371&key=wc_order_rvSZStLbvGGIP
    [webhookUrl] => https://mrmaks.eu/hr/wc-api/mollie_wc_gateway_creditcard?order_id=474371&key=wc_order_rvSZStLbvGGIP
    [method] => creditcard
    [payment] => Array
        (
            [issuer] => 
            [customerId] => 
        )

    [locale] => en_US
    [metadata] => Array
        (
            [order_id] => 474371
            [order_number] => MAXHR-474371
        )

    [orderNumber] => MAXHR-474371
)

2021-01-12T16:44:53+00:00 DEBUG mollie_wc_gateway_creditcard: Mollie payment object ord_kerjg2 (live) created for order 474371
2021-01-12T16:44:53+00:00 DEBUG For order 474371 redirect user to Mollie Checkout URL: https://www.mollie.com/payscreen/order/checkout/kerjg2
2021-01-12T16:46:36+00:00 DEBUG mollie_wc_gateway_creditcard: Start process_payment for order 474371
2021-01-12T16:46:36+00:00 DEBUG mollie_wc_gateway_creditcard: Create Mollie payment object for order 474371
2021-01-12T16:46:36+00:00 DEBUG mollie_wc_gateway_creditcard : Order 474371 returnUrl: https://mrmaks.eu/hr/wc-api/mollie_return?order_id=474371&key=wc_order_rvSZStLbvGGIP
2021-01-12T16:46:36+00:00 DEBUG mollie_wc_gateway_creditcard : Order 474371 webhookUrl: https://mrmaks.eu/hr/wc-api/mollie_wc_gateway_creditcard?order_id=474371&key=wc_order_rvSZStLbvGGIP
2021-01-12T16:46:36+00:00 DEBUG Creating payment object: type Order, first try creating a Mollie Order.
2021-01-12T16:46:36+00:00 DEBUG Array
(
    [amount] => Array
        (
            [currency] => HRK
            [value] => 187.00
        )

    [redirectUrl] => https://mrmaks.eu/hr/wc-api/mollie_return?order_id=474371&key=wc_order_rvSZStLbvGGIP
    [webhookUrl] => https://mrmaks.eu/hr/wc-api/mollie_wc_gateway_creditcard?order_id=474371&key=wc_order_rvSZStLbvGGIP
    [method] => creditcard
    [payment] => Array
        (
            [issuer] => 
            [customerId] => 
        )

    [locale] => en_US
    [metadata] => Array
        (
            [order_id] => 474371
            [order_number] => MAXHR-474371
        )

    [orderNumber] => MAXHR-474371
)

2021-01-12T16:46:36+00:00 DEBUG mollie_wc_gateway_creditcard: Mollie payment object ord_1lw7sm (live) created for order 474371
2021-01-12T16:46:36+00:00 DEBUG For order 474371 redirect user to Mollie Checkout URL: https://www.mollie.com/payscreen/order/checkout/1lw7sm
2021-01-12T17:06:14+00:00 DEBUG mollie_wc_gateway_creditcard: Mollie payment object ord_1lw7sm (live) webhook call for order 474371.
2021-01-12T17:06:14+00:00 DEBUG Mollie_WC_Gateway_Abstract::orderNeedsPayment mollie_wc_gateway_creditcard: Order 474371 orderNeedsPayment check: yes, order not previously processed by Mollie gateway.
2021-01-12T17:06:14+00:00 DEBUG Mollie_WC_Payment_Order::onWebhookPaid called for order 474371
2021-01-12T17:06:14+00:00 DEBUG Mollie_WC_Payment_Order::onWebhookPaid WooCommerce payment_complete() processed and returned to Mollie_WC_Payment_Order::onWebhookPaid for order 474371
2021-01-12T17:06:14+00:00 DEBUG Mollie_WC_Payment_Order::onWebhookPaid processing paid order via Mollie plugin fully completed for order 474371
2021-01-12T17:06:14+00:00 DEBUG Mollie_WC_Payment_Order::onWebhookPaid updated payment with webhook and metadata 
2021-01-12T17:06:17+00:00 DEBUG Mollie_WC_Gateway_Abstract::getReturnRedirectUrlForOrder 474371: Determine what the redirect URL in WooCommerce should be.
2021-01-12T17:06:17+00:00 DEBUG Mollie_WC_Plugin::onMollieReturn: Redirect url on return order mollie_wc_gateway_creditcard, order 474371: https://mrmaks.eu/hr/ukoncit-nakup/order-received/474371/?key=wc_order_rvSZStLbvGGIP&utm_nooverride=1
2021-01-12T17:06:52+00:00 DEBUG Mollie_WC_Gateway_Abstract::getReturnRedirectUrlForOrder 474371: Determine what the redirect URL in WooCommerce should be.
2021-01-12T17:06:52+00:00 DEBUG Mollie_WC_Plugin::onMollieReturn: Redirect url on return order mollie_wc_gateway_creditcard, order 474371: https://mrmaks.eu/hr/ukoncit-nakup/order-received/474371/?key=wc_order_rvSZStLbvGGIP&utm_nooverride=1
2021-01-12T17:26:07+00:00 DEBUG getApiPaymentMethods: Could not load Mollie methods (live): Error executing API call (400: Bad Request): The billingCountry is invalid. Field: billingCountry. Documentation: https://docs.mollie.com/guides/handling-errors (Mollie\Api\Exceptions\ApiException)
2021-01-12T17:26:07+00:00 DEBUG getApiPaymentMethods: Could not load Mollie methods (live): Error executing API call (400: Bad Request): The billingCountry is invalid. Field: billingCountry. Documentation: https://docs.mollie.com/guides/handling-errors (Mollie\Api\Exceptions\ApiException)
2021-01-12T17:26:08+00:00 DEBUG getApiPaymentMethods: Could not load Mollie methods (live): Error executing API call (400: Bad Request): The billingCountry is invalid. Field: billingCountry. Documentation: https://docs.mollie.com/guides/handling-errors (Mollie\Api\Exceptions\ApiException)
2021-01-12T17:26:08+00:00 DEBUG getApiPaymentMethods: Could not load Mollie methods (live): Error executing API call (400: Bad Request): The billingCountry is invalid. Field: billingCountry. Documentation: https://docs.mollie.com/guides/handling-errors (Mollie\Api\Exceptions\ApiException)
2021-01-12T17:37:08+00:00 DEBUG getApiPaymentMethods: Could not load Mollie methods (live): Error executing API call (400: Bad Request): The billingCountry is invalid. Field: billingCountry. Documentation: https://docs.mollie.com/guides/handling-errors (Mollie\Api\Exceptions\ApiException)
2021-01-12T17:37:08+00:00 DEBUG getApiPaymentMethods: Could not load Mollie methods (live): Error executing API call (400: Bad Request): The billingCountry is invalid. Field: billingCountry. Documentation: https://docs.mollie.com/guides/handling-errors (Mollie\Api\Exceptions\ApiException)
2021-01-12T17:37:08+00:00 DEBUG getApiPaymentMethods: Could not load Mollie methods (live): Error executing API call (400: Bad Request): The billingCountry is invalid. Field: billingCountry. Documentation: https://docs.mollie.com/guides/handling-errors (Mollie\Api\Exceptions\ApiException)
2021-01-12T17:37:08+00:00 DEBUG getApiPaymentMethods: Could not load Mollie methods (live): Error executing API call (400: Bad Request): The billingCountry is invalid. Field: billingCountry. Documentation: https://docs.mollie.com/guides/handling-errors (Mollie\Api\Exceptions\ApiException)
2021-01-12T22:18:12+00:00 DEBUG mollie_wc_gateway_creditcard: Start process_payment for order 474421
2021-01-12T22:18:12+00:00 DEBUG mollie_wc_gateway_creditcard: Create Mollie payment object for order 474421
2021-01-12T22:18:12+00:00 DEBUG mollie_wc_gateway_creditcard : Order 474421 returnUrl: https://mrmaks.eu/hr/wc-api/mollie_return?order_id=474421&key=wc_order_KdtLvkjVC3SbE
2021-01-12T22:18:12+00:00 DEBUG mollie_wc_gateway_creditcard : Order 474421 webhookUrl: https://mrmaks.eu/hr/wc-api/mollie_wc_gateway_creditcard?order_id=474421&key=wc_order_KdtLvkjVC3SbE
2021-01-12T22:18:12+00:00 DEBUG Creating payment object: type Order, first try creating a Mollie Order.
2021-01-12T22:18:12+00:00 DEBUG Array
(
    [amount] => Array
        (
            [currency] => HRK
            [value] => 158.00
        )

    [redirectUrl] => https://mrmaks.eu/hr/wc-api/mollie_return?order_id=474421&key=wc_order_KdtLvkjVC3SbE
    [webhookUrl] => https://mrmaks.eu/hr/wc-api/mollie_wc_gateway_creditcard?order_id=474421&key=wc_order_KdtLvkjVC3SbE
    [method] => creditcard
    [payment] => Array
        (
            [issuer] => 
            [customerId] => 
        )

    [locale] => en_US
    [metadata] => Array
        (
            [order_id] => 474421
            [order_number] => MAXHR-474421
        )

    [orderNumber] => MAXHR-474421
)

2021-01-12T22:18:13+00:00 DEBUG mollie_wc_gateway_creditcard: Mollie payment object ord_i4dy88 (live) created for order 474421
2021-01-12T22:18:13+00:00 DEBUG For order 474421 redirect user to Mollie Checkout URL: https://www.mollie.com/payscreen/order/checkout/i4dy88
