2021-01-30T09:44:36+00:00 INFO Array
(
    [Webhook Delivery] => Array
        (
            [Delivery ID] => 2b02a12a8f7b09552b7a815945fb2506
            [Date] => sij 30, 2021 @ 9:44
            [URL] => https://a.klaviyo.com/api/webhook/integration/woocommerce?c=Sgzjtc
            [Duration] => 0.66585
            [Request] => Array
                (
                    [Method] => POST
                    [Headers] => Array
                        (
                            [User-Agent] => WooCommerce/3.8.1 Hookshot (WordPress/5.3.4)
                            [Content-Type] => application/json
                            [X-WC-Webhook-Source] => https://mrmaks.eu/hr/
                            [X-WC-Webhook-Topic] => order.created
                            [X-WC-Webhook-Resource] => order
                            [X-WC-Webhook-Event] => created
                            [X-WC-Webhook-Signature] => GlUC97si3tLXc7eVQT4FqOfj60bBFD8Po9ZP/CuMog0=
                            [X-WC-Webhook-ID] => 6
                            [X-WC-Webhook-Delivery-ID] => 2b02a12a8f7b09552b7a815945fb2506
                        )

                )

            [Body] => Webhook body is not logged unless WP_DEBUG mode is turned on. This is to avoid the storing of personal data in the logs.
            [Response] => Array
                (
                    [Code] => 200
                    [Message] => OK
                    [Headers] => Requests_Utility_CaseInsensitiveDictionary Object
                        (
                            [data:protected] => Array
                                (
                                    [content-type] => text/html; charset=utf-8
                                    [date] => Sat, 30 Jan 2021 09:44:37 GMT
                                    [server] => nginx
                                    [vary] => Cookie
                                    [content-length] => 1
                                )

                        )

                    [Body] => Webhook body is not logged unless WP_DEBUG mode is turned on. This is to avoid the storing of personal data in the logs.
                )

        )

)

2021-01-30T09:44:37+00:00 INFO Array
(
    [Webhook Delivery] => Array
        (
            [Delivery ID] => 4d8409cfe226089ee9cc3dabd46f5ac7
            [Date] => sij 30, 2021 @ 9:44
            [URL] => https://a.klaviyo.com/api/webhook/integration/woocommerce?c=Sgzjtc
            [Duration] => 0.46164
            [Request] => Array
                (
                    [Method] => POST
                    [Headers] => Array
                        (
                            [User-Agent] => WooCommerce/3.8.1 Hookshot (WordPress/5.3.4)
                            [Content-Type] => application/json
                            [X-WC-Webhook-Source] => https://mrmaks.eu/hr/
                            [X-WC-Webhook-Topic] => order.updated
                            [X-WC-Webhook-Resource] => order
                            [X-WC-Webhook-Event] => updated
                            [X-WC-Webhook-Signature] => GlUC97si3tLXc7eVQT4FqOfj60bBFD8Po9ZP/CuMog0=
                            [X-WC-Webhook-ID] => 5
                            [X-WC-Webhook-Delivery-ID] => 4d8409cfe226089ee9cc3dabd46f5ac7
                        )

                )

            [Body] => Webhook body is not logged unless WP_DEBUG mode is turned on. This is to avoid the storing of personal data in the logs.
            [Response] => Array
                (
                    [Code] => 200
                    [Message] => OK
                    [Headers] => Requests_Utility_CaseInsensitiveDictionary Object
                        (
                            [data:protected] => Array
                                (
                                    [content-type] => text/html; charset=utf-8
                                    [date] => Sat, 30 Jan 2021 09:44:38 GMT
                                    [server] => nginx
                                    [vary] => Cookie
                                    [content-length] => 1
                                )

                        )

                    [Body] => Webhook body is not logged unless WP_DEBUG mode is turned on. This is to avoid the storing of personal data in the logs.
                )

        )

)

2021-01-30T09:57:08+00:00 INFO Array
(
    [Webhook Delivery] => Array
        (
            [Delivery ID] => 000496d3f0acfea09eb0f019f25f8c93
            [Date] => sij 30, 2021 @ 9:57
            [URL] => https://a.klaviyo.com/api/webhook/integration/woocommerce?c=Sgzjtc
            [Duration] => 0.78341
            [Request] => Array
                (
                    [Method] => POST
                    [Headers] => Array
                        (
                            [User-Agent] => WooCommerce/3.8.1 Hookshot (WordPress/5.3.4)
                            [Content-Type] => application/json
                            [X-WC-Webhook-Source] => https://mrmaks.eu/hr/
                            [X-WC-Webhook-Topic] => order.created
                            [X-WC-Webhook-Resource] => order
                            [X-WC-Webhook-Event] => created
                            [X-WC-Webhook-Signature] => S/G9ZdTISV+zGd6fEbKrJYILfjM/x0+n2kXcNaR2uys=
                            [X-WC-Webhook-ID] => 6
                            [X-WC-Webhook-Delivery-ID] => 000496d3f0acfea09eb0f019f25f8c93
                        )

                )

            [Body] => Webhook body is not logged unless WP_DEBUG mode is turned on. This is to avoid the storing of personal data in the logs.
            [Response] => Array
                (
                    [Code] => 200
                    [Message] => OK
                    [Headers] => Requests_Utility_CaseInsensitiveDictionary Object
                        (
                            [data:protected] => Array
                                (
                                    [content-type] => text/html; charset=utf-8
                                    [date] => Sat, 30 Jan 2021 09:57:10 GMT
                                    [server] => nginx
                                    [vary] => Cookie
                                    [content-length] => 1
                                )

                        )

                    [Body] => Webhook body is not logged unless WP_DEBUG mode is turned on. This is to avoid the storing of personal data in the logs.
                )

        )

)

2021-01-30T09:57:09+00:00 INFO Array
(
    [Webhook Delivery] => Array
        (
            [Delivery ID] => df1d7e5707a4ef5a62d7264eeed8fc55
            [Date] => sij 30, 2021 @ 9:57
            [URL] => https://a.klaviyo.com/api/webhook/integration/woocommerce?c=Sgzjtc
            [Duration] => 0.49194
            [Request] => Array
                (
                    [Method] => POST
                    [Headers] => Array
                        (
                            [User-Agent] => WooCommerce/3.8.1 Hookshot (WordPress/5.3.4)
                            [Content-Type] => application/json
                            [X-WC-Webhook-Source] => https://mrmaks.eu/hr/
                            [X-WC-Webhook-Topic] => order.updated
                            [X-WC-Webhook-Resource] => order
                            [X-WC-Webhook-Event] => updated
                            [X-WC-Webhook-Signature] => S/G9ZdTISV+zGd6fEbKrJYILfjM/x0+n2kXcNaR2uys=
                            [X-WC-Webhook-ID] => 5
                            [X-WC-Webhook-Delivery-ID] => df1d7e5707a4ef5a62d7264eeed8fc55
                        )

                )

            [Body] => Webhook body is not logged unless WP_DEBUG mode is turned on. This is to avoid the storing of personal data in the logs.
            [Response] => Array
                (
                    [Code] => 200
                    [Message] => OK
                    [Headers] => Requests_Utility_CaseInsensitiveDictionary Object
                        (
                            [data:protected] => Array
                                (
                                    [content-type] => text/html; charset=utf-8
                                    [date] => Sat, 30 Jan 2021 09:57:10 GMT
                                    [server] => nginx
                                    [vary] => Cookie
                                    [content-length] => 1
                                )

                        )

                    [Body] => Webhook body is not logged unless WP_DEBUG mode is turned on. This is to avoid the storing of personal data in the logs.
                )

        )

)

2021-01-30T10:52:04+00:00 INFO Array
(
    [Webhook Delivery] => Array
        (
            [Delivery ID] => 2629a902e83f2d823a2e3ac22dd9b211
            [Date] => sij 30, 2021 @ 10:52
            [URL] => https://a.klaviyo.com/api/webhook/integration/woocommerce?c=Sgzjtc
            [Duration] => 0.78175
            [Request] => Array
                (
                    [Method] => POST
                    [Headers] => Array
                        (
                            [User-Agent] => WooCommerce/3.8.1 Hookshot (WordPress/5.3.4)
                            [Content-Type] => application/json
                            [X-WC-Webhook-Source] => https://mrmaks.eu/hr/
                            [X-WC-Webhook-Topic] => order.created
                            [X-WC-Webhook-Resource] => order
                            [X-WC-Webhook-Event] => created
                            [X-WC-Webhook-Signature] => bqhCgEPi4QU6+Wj3mKQXVqXwTeBx6MH901SeGzZNnyY=
                            [X-WC-Webhook-ID] => 6
                            [X-WC-Webhook-Delivery-ID] => 2629a902e83f2d823a2e3ac22dd9b211
                        )

                )

            [Body] => Webhook body is not logged unless WP_DEBUG mode is turned on. This is to avoid the storing of personal data in the logs.
            [Response] => Array
                (
                    [Code] => 200
                    [Message] => OK
                    [Headers] => Requests_Utility_CaseInsensitiveDictionary Object
                        (
                            [data:protected] => Array
                                (
                                    [content-type] => text/html; charset=utf-8
                                    [date] => Sat, 30 Jan 2021 10:52:05 GMT
                                    [server] => nginx
                                    [vary] => Cookie
                                    [content-length] => 1
                                )

                        )

                    [Body] => Webhook body is not logged unless WP_DEBUG mode is turned on. This is to avoid the storing of personal data in the logs.
                )

        )

)

2021-01-30T10:52:04+00:00 INFO Array
(
    [Webhook Delivery] => Array
        (
            [Delivery ID] => 4bdb566ba66b530871601377274029c1
            [Date] => sij 30, 2021 @ 10:52
            [URL] => https://a.klaviyo.com/api/webhook/integration/woocommerce?c=Sgzjtc
            [Duration] => 0.50182
            [Request] => Array
                (
                    [Method] => POST
                    [Headers] => Array
                        (
                            [User-Agent] => WooCommerce/3.8.1 Hookshot (WordPress/5.3.4)
                            [Content-Type] => application/json
                            [X-WC-Webhook-Source] => https://mrmaks.eu/hr/
                            [X-WC-Webhook-Topic] => order.updated
                            [X-WC-Webhook-Resource] => order
                            [X-WC-Webhook-Event] => updated
                            [X-WC-Webhook-Signature] => bqhCgEPi4QU6+Wj3mKQXVqXwTeBx6MH901SeGzZNnyY=
                            [X-WC-Webhook-ID] => 5
                            [X-WC-Webhook-Delivery-ID] => 4bdb566ba66b530871601377274029c1
                        )

                )

            [Body] => Webhook body is not logged unless WP_DEBUG mode is turned on. This is to avoid the storing of personal data in the logs.
            [Response] => Array
                (
                    [Code] => 200
                    [Message] => OK
                    [Headers] => Requests_Utility_CaseInsensitiveDictionary Object
                        (
                            [data:protected] => Array
                                (
                                    [content-type] => text/html; charset=utf-8
                                    [date] => Sat, 30 Jan 2021 10:52:06 GMT
                                    [server] => nginx
                                    [vary] => Cookie
                                    [content-length] => 1
                                )

                        )

                    [Body] => Webhook body is not logged unless WP_DEBUG mode is turned on. This is to avoid the storing of personal data in the logs.
                )

        )

)

2021-01-30T11:28:51+00:00 INFO Array
(
    [Webhook Delivery] => Array
        (
            [Delivery ID] => edaf584c815a48079a7da09451ba4c7b
            [Date] => sij 30, 2021 @ 11:28
            [URL] => https://a.klaviyo.com/api/webhook/integration/woocommerce?c=Sgzjtc
            [Duration] => 0.73693
            [Request] => Array
                (
                    [Method] => POST
                    [Headers] => Array
                        (
                            [User-Agent] => WooCommerce/3.8.1 Hookshot (WordPress/5.3.4)
                            [Content-Type] => application/json
                            [X-WC-Webhook-Source] => https://mrmaks.eu/hr/
                            [X-WC-Webhook-Topic] => order.created
                            [X-WC-Webhook-Resource] => order
                            [X-WC-Webhook-Event] => created
                            [X-WC-Webhook-Signature] => QPSU4gucqnacBlxO7p1AXOIVLUBA+KBksEKNSF4XZGs=
                            [X-WC-Webhook-ID] => 6
                            [X-WC-Webhook-Delivery-ID] => edaf584c815a48079a7da09451ba4c7b
                        )

                )

            [Body] => Webhook body is not logged unless WP_DEBUG mode is turned on. This is to avoid the storing of personal data in the logs.
            [Response] => Array
                (
                    [Code] => 200
                    [Message] => OK
                    [Headers] => Requests_Utility_CaseInsensitiveDictionary Object
                        (
                            [data:protected] => Array
                                (
                                    [content-type] => text/html; charset=utf-8
                                    [date] => Sat, 30 Jan 2021 11:28:53 GMT
                                    [server] => nginx
                                    [vary] => Cookie
                                    [content-length] => 1
                                )

                        )

                    [Body] => Webhook body is not logged unless WP_DEBUG mode is turned on. This is to avoid the storing of personal data in the logs.
                )

        )

)

2021-01-30T11:28:52+00:00 INFO Array
(
    [Webhook Delivery] => Array
        (
            [Delivery ID] => a6f6dd3c721b333bea2faa2761932ec0
            [Date] => sij 30, 2021 @ 11:28
            [URL] => https://a.klaviyo.com/api/webhook/integration/woocommerce?c=Sgzjtc
            [Duration] => 0.491
            [Request] => Array
                (
                    [Method] => POST
                    [Headers] => Array
                        (
                            [User-Agent] => WooCommerce/3.8.1 Hookshot (WordPress/5.3.4)
                            [Content-Type] => application/json
                            [X-WC-Webhook-Source] => https://mrmaks.eu/hr/
                            [X-WC-Webhook-Topic] => order.updated
                            [X-WC-Webhook-Resource] => order
                            [X-WC-Webhook-Event] => updated
                            [X-WC-Webhook-Signature] => QPSU4gucqnacBlxO7p1AXOIVLUBA+KBksEKNSF4XZGs=
                            [X-WC-Webhook-ID] => 5
                            [X-WC-Webhook-Delivery-ID] => a6f6dd3c721b333bea2faa2761932ec0
                        )

                )

            [Body] => Webhook body is not logged unless WP_DEBUG mode is turned on. This is to avoid the storing of personal data in the logs.
            [Response] => Array
                (
                    [Code] => 200
                    [Message] => OK
                    [Headers] => Requests_Utility_CaseInsensitiveDictionary Object
                        (
                            [data:protected] => Array
                                (
                                    [content-type] => text/html; charset=utf-8
                                    [date] => Sat, 30 Jan 2021 11:28:53 GMT
                                    [server] => nginx
                                    [vary] => Cookie
                                    [content-length] => 1
                                )

                        )

                    [Body] => Webhook body is not logged unless WP_DEBUG mode is turned on. This is to avoid the storing of personal data in the logs.
                )

        )

)

2021-01-30T11:55:07+00:00 INFO Array
(
    [Webhook Delivery] => Array
        (
            [Delivery ID] => 9b72bf64e1afa445329c8c4f29c84e84
            [Date] => sij 30, 2021 @ 11:55
            [URL] => https://a.klaviyo.com/api/webhook/integration/woocommerce?c=Sgzjtc
            [Duration] => 0.65419
            [Request] => Array
                (
                    [Method] => POST
                    [Headers] => Array
                        (
                            [User-Agent] => WooCommerce/3.8.1 Hookshot (WordPress/5.3.4)
                            [Content-Type] => application/json
                            [X-WC-Webhook-Source] => https://mrmaks.eu/hr/
                            [X-WC-Webhook-Topic] => order.created
                            [X-WC-Webhook-Resource] => order
                            [X-WC-Webhook-Event] => created
                            [X-WC-Webhook-Signature] => Gv7Kmo8sUoeavT3tuXP0XFv0IPyCYXaUBwsmCSt9/LA=
                            [X-WC-Webhook-ID] => 6
                            [X-WC-Webhook-Delivery-ID] => 9b72bf64e1afa445329c8c4f29c84e84
                        )

                )

            [Body] => Webhook body is not logged unless WP_DEBUG mode is turned on. This is to avoid the storing of personal data in the logs.
            [Response] => Array
                (
                    [Code] => 200
                    [Message] => OK
                    [Headers] => Requests_Utility_CaseInsensitiveDictionary Object
                        (
                            [data:protected] => Array
                                (
                                    [content-type] => text/html; charset=utf-8
                                    [date] => Sat, 30 Jan 2021 11:55:08 GMT
                                    [server] => nginx
                                    [vary] => Cookie
                                    [content-length] => 1
                                )

                        )

                    [Body] => Webhook body is not logged unless WP_DEBUG mode is turned on. This is to avoid the storing of personal data in the logs.
                )

        )

)

2021-01-30T11:55:07+00:00 INFO Array
(
    [Webhook Delivery] => Array
        (
            [Delivery ID] => a7e897b8e21a249a88a720f5de8f664c
            [Date] => sij 30, 2021 @ 11:55
            [URL] => https://a.klaviyo.com/api/webhook/integration/woocommerce?c=Sgzjtc
            [Duration] => 0.49076
            [Request] => Array
                (
                    [Method] => POST
                    [Headers] => Array
                        (
                            [User-Agent] => WooCommerce/3.8.1 Hookshot (WordPress/5.3.4)
                            [Content-Type] => application/json
                            [X-WC-Webhook-Source] => https://mrmaks.eu/hr/
                            [X-WC-Webhook-Topic] => order.updated
                            [X-WC-Webhook-Resource] => order
                            [X-WC-Webhook-Event] => updated
                            [X-WC-Webhook-Signature] => Gv7Kmo8sUoeavT3tuXP0XFv0IPyCYXaUBwsmCSt9/LA=
                            [X-WC-Webhook-ID] => 5
                            [X-WC-Webhook-Delivery-ID] => a7e897b8e21a249a88a720f5de8f664c
                        )

                )

            [Body] => Webhook body is not logged unless WP_DEBUG mode is turned on. This is to avoid the storing of personal data in the logs.
            [Response] => Array
                (
                    [Code] => 200
                    [Message] => OK
                    [Headers] => Requests_Utility_CaseInsensitiveDictionary Object
                        (
                            [data:protected] => Array
                                (
                                    [content-type] => text/html; charset=utf-8
                                    [date] => Sat, 30 Jan 2021 11:55:09 GMT
                                    [server] => nginx
                                    [vary] => Cookie
                                    [content-length] => 1
                                )

                        )

                    [Body] => Webhook body is not logged unless WP_DEBUG mode is turned on. This is to avoid the storing of personal data in the logs.
                )

        )

)

2021-01-30T12:59:35+00:00 INFO Array
(
    [Webhook Delivery] => Array
        (
            [Delivery ID] => 824b6d3748b1c2c6bbb839914847a1d7
            [Date] => sij 30, 2021 @ 12:59
            [URL] => https://a.klaviyo.com/api/webhook/integration/woocommerce?c=Sgzjtc
            [Duration] => 0.75052
            [Request] => Array
                (
                    [Method] => POST
                    [Headers] => Array
                        (
                            [User-Agent] => WooCommerce/3.8.1 Hookshot (WordPress/5.3.4)
                            [Content-Type] => application/json
                            [X-WC-Webhook-Source] => https://mrmaks.eu/hr/
                            [X-WC-Webhook-Topic] => order.created
                            [X-WC-Webhook-Resource] => order
                            [X-WC-Webhook-Event] => created
                            [X-WC-Webhook-Signature] => Y8BRmOQ8vUHBpghzMVmukQGB8CU6Ifsx5wAE22oUG24=
                            [X-WC-Webhook-ID] => 6
                            [X-WC-Webhook-Delivery-ID] => 824b6d3748b1c2c6bbb839914847a1d7
                        )

                )

            [Body] => Webhook body is not logged unless WP_DEBUG mode is turned on. This is to avoid the storing of personal data in the logs.
            [Response] => Array
                (
                    [Code] => 200
                    [Message] => OK
                    [Headers] => Requests_Utility_CaseInsensitiveDictionary Object
                        (
                            [data:protected] => Array
                                (
                                    [content-type] => text/html; charset=utf-8
                                    [date] => Sat, 30 Jan 2021 12:59:36 GMT
                                    [server] => nginx
                                    [vary] => Cookie
                                    [content-length] => 1
                                )

                        )

                    [Body] => Webhook body is not logged unless WP_DEBUG mode is turned on. This is to avoid the storing of personal data in the logs.
                )

        )

)

2021-01-30T12:59:35+00:00 INFO Array
(
    [Webhook Delivery] => Array
        (
            [Delivery ID] => 61a8694170943eda3849d3d4aba34ae5
            [Date] => sij 30, 2021 @ 12:59
            [URL] => https://a.klaviyo.com/api/webhook/integration/woocommerce?c=Sgzjtc
            [Duration] => 0.48577
            [Request] => Array
                (
                    [Method] => POST
                    [Headers] => Array
                        (
                            [User-Agent] => WooCommerce/3.8.1 Hookshot (WordPress/5.3.4)
                            [Content-Type] => application/json
                            [X-WC-Webhook-Source] => https://mrmaks.eu/hr/
                            [X-WC-Webhook-Topic] => order.updated
                            [X-WC-Webhook-Resource] => order
                            [X-WC-Webhook-Event] => updated
                            [X-WC-Webhook-Signature] => Y8BRmOQ8vUHBpghzMVmukQGB8CU6Ifsx5wAE22oUG24=
                            [X-WC-Webhook-ID] => 5
                            [X-WC-Webhook-Delivery-ID] => 61a8694170943eda3849d3d4aba34ae5
                        )

                )

            [Body] => Webhook body is not logged unless WP_DEBUG mode is turned on. This is to avoid the storing of personal data in the logs.
            [Response] => Array
                (
                    [Code] => 200
                    [Message] => OK
                    [Headers] => Requests_Utility_CaseInsensitiveDictionary Object
                        (
                            [data:protected] => Array
                                (
                                    [content-type] => text/html; charset=utf-8
                                    [date] => Sat, 30 Jan 2021 12:59:37 GMT
                                    [server] => nginx
                                    [vary] => Cookie
                                    [content-length] => 1
                                )

                        )

                    [Body] => Webhook body is not logged unless WP_DEBUG mode is turned on. This is to avoid the storing of personal data in the logs.
                )

        )

)

2021-01-30T13:56:25+00:00 INFO Array
(
    [Webhook Delivery] => Array
        (
            [Delivery ID] => ab57bd4b6d39bd4537bbe1fa8c0d61ac
            [Date] => sij 30, 2021 @ 13:56
            [URL] => https://a.klaviyo.com/api/webhook/integration/woocommerce?c=Sgzjtc
            [Duration] => 0.72556
            [Request] => Array
                (
                    [Method] => POST
                    [Headers] => Array
                        (
                            [User-Agent] => WooCommerce/3.8.1 Hookshot (WordPress/5.3.4)
                            [Content-Type] => application/json
                            [X-WC-Webhook-Source] => https://mrmaks.eu/hr/
                            [X-WC-Webhook-Topic] => order.created
                            [X-WC-Webhook-Resource] => order
                            [X-WC-Webhook-Event] => created
                            [X-WC-Webhook-Signature] => 71kP+BLlIfzDWmcpMR8fb9qErCoqiGcT81RKxc4t1tw=
                            [X-WC-Webhook-ID] => 6
                            [X-WC-Webhook-Delivery-ID] => ab57bd4b6d39bd4537bbe1fa8c0d61ac
                        )

                )

            [Body] => Webhook body is not logged unless WP_DEBUG mode is turned on. This is to avoid the storing of personal data in the logs.
            [Response] => Array
                (
                    [Code] => 200
                    [Message] => OK
                    [Headers] => Requests_Utility_CaseInsensitiveDictionary Object
                        (
                            [data:protected] => Array
                                (
                                    [content-type] => text/html; charset=utf-8
                                    [date] => Sat, 30 Jan 2021 13:56:27 GMT
                                    [server] => nginx
                                    [vary] => Cookie
                                    [content-length] => 1
                                )

                        )

                    [Body] => Webhook body is not logged unless WP_DEBUG mode is turned on. This is to avoid the storing of personal data in the logs.
                )

        )

)

2021-01-30T13:56:26+00:00 INFO Array
(
    [Webhook Delivery] => Array
        (
            [Delivery ID] => 387027d129e27098350a1b6a05581603
            [Date] => sij 30, 2021 @ 13:56
            [URL] => https://a.klaviyo.com/api/webhook/integration/woocommerce?c=Sgzjtc
            [Duration] => 0.48957
            [Request] => Array
                (
                    [Method] => POST
                    [Headers] => Array
                        (
                            [User-Agent] => WooCommerce/3.8.1 Hookshot (WordPress/5.3.4)
                            [Content-Type] => application/json
                            [X-WC-Webhook-Source] => https://mrmaks.eu/hr/
                            [X-WC-Webhook-Topic] => order.updated
                            [X-WC-Webhook-Resource] => order
                            [X-WC-Webhook-Event] => updated
                            [X-WC-Webhook-Signature] => 71kP+BLlIfzDWmcpMR8fb9qErCoqiGcT81RKxc4t1tw=
                            [X-WC-Webhook-ID] => 5
                            [X-WC-Webhook-Delivery-ID] => 387027d129e27098350a1b6a05581603
                        )

                )

            [Body] => Webhook body is not logged unless WP_DEBUG mode is turned on. This is to avoid the storing of personal data in the logs.
            [Response] => Array
                (
                    [Code] => 200
                    [Message] => OK
                    [Headers] => Requests_Utility_CaseInsensitiveDictionary Object
                        (
                            [data:protected] => Array
                                (
                                    [content-type] => text/html; charset=utf-8
                                    [date] => Sat, 30 Jan 2021 13:56:27 GMT
                                    [server] => nginx
                                    [vary] => Cookie
                                    [content-length] => 1
                                )

                        )

                    [Body] => Webhook body is not logged unless WP_DEBUG mode is turned on. This is to avoid the storing of personal data in the logs.
                )

        )

)

2021-01-30T14:03:37+00:00 INFO Array
(
    [Webhook Delivery] => Array
        (
            [Delivery ID] => d3acd07ffec32eacbe8760d5a4b6703b
            [Date] => sij 30, 2021 @ 14:03
            [URL] => https://a.klaviyo.com/api/webhook/integration/woocommerce?c=Sgzjtc
            [Duration] => 0.69395
            [Request] => Array
                (
                    [Method] => POST
                    [Headers] => Array
                        (
                            [User-Agent] => WooCommerce/3.8.1 Hookshot (WordPress/5.3.4)
                            [Content-Type] => application/json
                            [X-WC-Webhook-Source] => https://mrmaks.eu/hr/
                            [X-WC-Webhook-Topic] => order.created
                            [X-WC-Webhook-Resource] => order
                            [X-WC-Webhook-Event] => created
                            [X-WC-Webhook-Signature] => rBaYiEBRX5lAmLTjGtwsqJST3meTS0rop158RLpxubw=
                            [X-WC-Webhook-ID] => 6
                            [X-WC-Webhook-Delivery-ID] => d3acd07ffec32eacbe8760d5a4b6703b
                        )

                )

            [Body] => Webhook body is not logged unless WP_DEBUG mode is turned on. This is to avoid the storing of personal data in the logs.
            [Response] => Array
                (
                    [Code] => 200
                    [Message] => OK
                    [Headers] => Requests_Utility_CaseInsensitiveDictionary Object
                        (
                            [data:protected] => Array
                                (
                                    [content-type] => text/html; charset=utf-8
                                    [date] => Sat, 30 Jan 2021 14:03:39 GMT
                                    [server] => nginx
                                    [vary] => Cookie
                                    [content-length] => 1
                                )

                        )

                    [Body] => Webhook body is not logged unless WP_DEBUG mode is turned on. This is to avoid the storing of personal data in the logs.
                )

        )

)

2021-01-30T14:03:38+00:00 INFO Array
(
    [Webhook Delivery] => Array
        (
            [Delivery ID] => 8699b9cee94337d6adbed65c7b11bce8
            [Date] => sij 30, 2021 @ 14:03
            [URL] => https://a.klaviyo.com/api/webhook/integration/woocommerce?c=Sgzjtc
            [Duration] => 0.46466
            [Request] => Array
                (
                    [Method] => POST
                    [Headers] => Array
                        (
                            [User-Agent] => WooCommerce/3.8.1 Hookshot (WordPress/5.3.4)
                            [Content-Type] => application/json
                            [X-WC-Webhook-Source] => https://mrmaks.eu/hr/
                            [X-WC-Webhook-Topic] => order.updated
                            [X-WC-Webhook-Resource] => order
                            [X-WC-Webhook-Event] => updated
                            [X-WC-Webhook-Signature] => rBaYiEBRX5lAmLTjGtwsqJST3meTS0rop158RLpxubw=
                            [X-WC-Webhook-ID] => 5
                            [X-WC-Webhook-Delivery-ID] => 8699b9cee94337d6adbed65c7b11bce8
                        )

                )

            [Body] => Webhook body is not logged unless WP_DEBUG mode is turned on. This is to avoid the storing of personal data in the logs.
            [Response] => Array
                (
                    [Code] => 200
                    [Message] => OK
                    [Headers] => Requests_Utility_CaseInsensitiveDictionary Object
                        (
                            [data:protected] => Array
                                (
                                    [content-type] => text/html; charset=utf-8
                                    [date] => Sat, 30 Jan 2021 14:03:39 GMT
                                    [server] => nginx
                                    [vary] => Cookie
                                    [content-length] => 1
                                )

                        )

                    [Body] => Webhook body is not logged unless WP_DEBUG mode is turned on. This is to avoid the storing of personal data in the logs.
                )

        )

)

2021-01-30T14:51:10+00:00 INFO Array
(
    [Webhook Delivery] => Array
        (
            [Delivery ID] => cd1bc49f7d449d1c8c76560769fa56b3
            [Date] => sij 30, 2021 @ 14:51
            [URL] => https://a.klaviyo.com/api/webhook/integration/woocommerce?c=Sgzjtc
            [Duration] => 0.73537
            [Request] => Array
                (
                    [Method] => POST
                    [Headers] => Array
                        (
                            [User-Agent] => WooCommerce/3.8.1 Hookshot (WordPress/5.3.4)
                            [Content-Type] => application/json
                            [X-WC-Webhook-Source] => https://mrmaks.eu/hr/
                            [X-WC-Webhook-Topic] => order.created
                            [X-WC-Webhook-Resource] => order
                            [X-WC-Webhook-Event] => created
                            [X-WC-Webhook-Signature] => tadTqnEtTb7jqyrqQh5Vh7lISGC9l8nL9zXi/ZbGk4U=
                            [X-WC-Webhook-ID] => 6
                            [X-WC-Webhook-Delivery-ID] => cd1bc49f7d449d1c8c76560769fa56b3
                        )

                )

            [Body] => Webhook body is not logged unless WP_DEBUG mode is turned on. This is to avoid the storing of personal data in the logs.
            [Response] => Array
                (
                    [Code] => 200
                    [Message] => OK
                    [Headers] => Requests_Utility_CaseInsensitiveDictionary Object
                        (
                            [data:protected] => Array
                                (
                                    [content-type] => text/html; charset=utf-8
                                    [date] => Sat, 30 Jan 2021 14:51:11 GMT
                                    [server] => nginx
                                    [vary] => Cookie
                                    [content-length] => 1
                                )

                        )

                    [Body] => Webhook body is not logged unless WP_DEBUG mode is turned on. This is to avoid the storing of personal data in the logs.
                )

        )

)

2021-01-30T14:51:10+00:00 INFO Array
(
    [Webhook Delivery] => Array
        (
            [Delivery ID] => 264783b19ff5fc2020e591869e1dd9ee
            [Date] => sij 30, 2021 @ 14:51
            [URL] => https://a.klaviyo.com/api/webhook/integration/woocommerce?c=Sgzjtc
            [Duration] => 0.53261
            [Request] => Array
                (
                    [Method] => POST
                    [Headers] => Array
                        (
                            [User-Agent] => WooCommerce/3.8.1 Hookshot (WordPress/5.3.4)
                            [Content-Type] => application/json
                            [X-WC-Webhook-Source] => https://mrmaks.eu/hr/
                            [X-WC-Webhook-Topic] => order.updated
                            [X-WC-Webhook-Resource] => order
                            [X-WC-Webhook-Event] => updated
                            [X-WC-Webhook-Signature] => tadTqnEtTb7jqyrqQh5Vh7lISGC9l8nL9zXi/ZbGk4U=
                            [X-WC-Webhook-ID] => 5
                            [X-WC-Webhook-Delivery-ID] => 264783b19ff5fc2020e591869e1dd9ee
                        )

                )

            [Body] => Webhook body is not logged unless WP_DEBUG mode is turned on. This is to avoid the storing of personal data in the logs.
            [Response] => Array
                (
                    [Code] => 200
                    [Message] => OK
                    [Headers] => Requests_Utility_CaseInsensitiveDictionary Object
                        (
                            [data:protected] => Array
                                (
                                    [content-type] => text/html; charset=utf-8
                                    [date] => Sat, 30 Jan 2021 14:51:12 GMT
                                    [server] => nginx
                                    [vary] => Cookie
                                    [content-length] => 1
                                )

                        )

                    [Body] => Webhook body is not logged unless WP_DEBUG mode is turned on. This is to avoid the storing of personal data in the logs.
                )

        )

)

2021-01-30T14:52:32+00:00 INFO Array
(
    [Webhook Delivery] => Array
        (
            [Delivery ID] => fa54feaa655a45c6f81271d5f94a68f1
            [Date] => sij 30, 2021 @ 14:52
            [URL] => https://a.klaviyo.com/api/webhook/integration/woocommerce?c=Sgzjtc
            [Duration] => 0.67003
            [Request] => Array
                (
                    [Method] => POST
                    [Headers] => Array
                        (
                            [User-Agent] => WooCommerce/3.8.1 Hookshot (WordPress/5.3.4)
                            [Content-Type] => application/json
                            [X-WC-Webhook-Source] => https://mrmaks.eu/hr/
                            [X-WC-Webhook-Topic] => order.created
                            [X-WC-Webhook-Resource] => order
                            [X-WC-Webhook-Event] => created
                            [X-WC-Webhook-Signature] => /zuvA+SD5HSDwNZwdAU0YHloGKXyZGYf+0dMPSvKbRs=
                            [X-WC-Webhook-ID] => 6
                            [X-WC-Webhook-Delivery-ID] => fa54feaa655a45c6f81271d5f94a68f1
                        )

                )

            [Body] => Webhook body is not logged unless WP_DEBUG mode is turned on. This is to avoid the storing of personal data in the logs.
            [Response] => Array
                (
                    [Code] => 200
                    [Message] => OK
                    [Headers] => Requests_Utility_CaseInsensitiveDictionary Object
                        (
                            [data:protected] => Array
                                (
                                    [content-type] => text/html; charset=utf-8
                                    [date] => Sat, 30 Jan 2021 14:52:34 GMT
                                    [server] => nginx
                                    [vary] => Cookie
                                    [content-length] => 1
                                )

                        )

                    [Body] => Webhook body is not logged unless WP_DEBUG mode is turned on. This is to avoid the storing of personal data in the logs.
                )

        )

)

2021-01-30T14:52:33+00:00 INFO Array
(
    [Webhook Delivery] => Array
        (
            [Delivery ID] => ff340870f1c5154ed0e4f3b4a8ff3ca1
            [Date] => sij 30, 2021 @ 14:52
            [URL] => https://a.klaviyo.com/api/webhook/integration/woocommerce?c=Sgzjtc
            [Duration] => 0.5256
            [Request] => Array
                (
                    [Method] => POST
                    [Headers] => Array
                        (
                            [User-Agent] => WooCommerce/3.8.1 Hookshot (WordPress/5.3.4)
                            [Content-Type] => application/json
                            [X-WC-Webhook-Source] => https://mrmaks.eu/hr/
                            [X-WC-Webhook-Topic] => order.updated
                            [X-WC-Webhook-Resource] => order
                            [X-WC-Webhook-Event] => updated
                            [X-WC-Webhook-Signature] => /zuvA+SD5HSDwNZwdAU0YHloGKXyZGYf+0dMPSvKbRs=
                            [X-WC-Webhook-ID] => 5
                            [X-WC-Webhook-Delivery-ID] => ff340870f1c5154ed0e4f3b4a8ff3ca1
                        )

                )

            [Body] => Webhook body is not logged unless WP_DEBUG mode is turned on. This is to avoid the storing of personal data in the logs.
            [Response] => Array
                (
                    [Code] => 200
                    [Message] => OK
                    [Headers] => Requests_Utility_CaseInsensitiveDictionary Object
                        (
                            [data:protected] => Array
                                (
                                    [content-type] => text/html; charset=utf-8
                                    [date] => Sat, 30 Jan 2021 14:52:34 GMT
                                    [server] => nginx
                                    [vary] => Cookie
                                    [content-length] => 1
                                )

                        )

                    [Body] => Webhook body is not logged unless WP_DEBUG mode is turned on. This is to avoid the storing of personal data in the logs.
                )

        )

)

2021-01-30T14:52:34+00:00 INFO Array
(
    [Webhook Delivery] => Array
        (
            [Delivery ID] => ff340870f1c5154ed0e4f3b4a8ff3ca1
            [Date] => sij 30, 2021 @ 14:52
            [URL] => https://a.klaviyo.com/api/webhook/integration/woocommerce?c=Sgzjtc
            [Duration] => 0.54035
            [Request] => Array
                (
                    [Method] => POST
                    [Headers] => Array
                        (
                            [User-Agent] => WooCommerce/3.8.1 Hookshot (WordPress/5.3.4)
                            [Content-Type] => application/json
                            [X-WC-Webhook-Source] => https://mrmaks.eu/hr/
                            [X-WC-Webhook-Topic] => order.updated
                            [X-WC-Webhook-Resource] => order
                            [X-WC-Webhook-Event] => updated
                            [X-WC-Webhook-Signature] => qqb72W5k0mqHZiL4cPazBqurnjijV4KDQA/wM5d3oPE=
                            [X-WC-Webhook-ID] => 5
                            [X-WC-Webhook-Delivery-ID] => ff340870f1c5154ed0e4f3b4a8ff3ca1
                        )

                )

            [Body] => Webhook body is not logged unless WP_DEBUG mode is turned on. This is to avoid the storing of personal data in the logs.
            [Response] => Array
                (
                    [Code] => 200
                    [Message] => OK
                    [Headers] => Requests_Utility_CaseInsensitiveDictionary Object
                        (
                            [data:protected] => Array
                                (
                                    [content-type] => text/html; charset=utf-8
                                    [date] => Sat, 30 Jan 2021 14:52:35 GMT
                                    [server] => nginx
                                    [vary] => Cookie
                                    [content-length] => 1
                                )

                        )

                    [Body] => Webhook body is not logged unless WP_DEBUG mode is turned on. This is to avoid the storing of personal data in the logs.
                )

        )

)

2021-01-30T15:29:55+00:00 INFO Array
(
    [Webhook Delivery] => Array
        (
            [Delivery ID] => 6e5b907192baec0fd3f46c1e7a034950
            [Date] => sij 30, 2021 @ 15:29
            [URL] => https://a.klaviyo.com/api/webhook/integration/woocommerce?c=Sgzjtc
            [Duration] => 0.68578
            [Request] => Array
                (
                    [Method] => POST
                    [Headers] => Array
                        (
                            [User-Agent] => WooCommerce/3.8.1 Hookshot (WordPress/5.3.4)
                            [Content-Type] => application/json
                            [X-WC-Webhook-Source] => https://mrmaks.eu/hr/
                            [X-WC-Webhook-Topic] => order.created
                            [X-WC-Webhook-Resource] => order
                            [X-WC-Webhook-Event] => created
                            [X-WC-Webhook-Signature] => +KjvVp9NEWth0/yKSJZV1eWCvWoD74B5WOim2JpbjMk=
                            [X-WC-Webhook-ID] => 6
                            [X-WC-Webhook-Delivery-ID] => 6e5b907192baec0fd3f46c1e7a034950
                        )

                )

            [Body] => Webhook body is not logged unless WP_DEBUG mode is turned on. This is to avoid the storing of personal data in the logs.
            [Response] => Array
                (
                    [Code] => 200
                    [Message] => OK
                    [Headers] => Requests_Utility_CaseInsensitiveDictionary Object
                        (
                            [data:protected] => Array
                                (
                                    [content-type] => text/html; charset=utf-8
                                    [date] => Sat, 30 Jan 2021 15:29:56 GMT
                                    [server] => nginx
                                    [vary] => Cookie
                                    [content-length] => 1
                                )

                        )

                    [Body] => Webhook body is not logged unless WP_DEBUG mode is turned on. This is to avoid the storing of personal data in the logs.
                )

        )

)

2021-01-30T15:29:55+00:00 INFO Array
(
    [Webhook Delivery] => Array
        (
            [Delivery ID] => 865b3e688827903fd31bc43bee3be6a7
            [Date] => sij 30, 2021 @ 15:29
            [URL] => https://a.klaviyo.com/api/webhook/integration/woocommerce?c=Sgzjtc
            [Duration] => 0.45789
            [Request] => Array
                (
                    [Method] => POST
                    [Headers] => Array
                        (
                            [User-Agent] => WooCommerce/3.8.1 Hookshot (WordPress/5.3.4)
                            [Content-Type] => application/json
                            [X-WC-Webhook-Source] => https://mrmaks.eu/hr/
                            [X-WC-Webhook-Topic] => order.updated
                            [X-WC-Webhook-Resource] => order
                            [X-WC-Webhook-Event] => updated
                            [X-WC-Webhook-Signature] => +KjvVp9NEWth0/yKSJZV1eWCvWoD74B5WOim2JpbjMk=
                            [X-WC-Webhook-ID] => 5
                            [X-WC-Webhook-Delivery-ID] => 865b3e688827903fd31bc43bee3be6a7
                        )

                )

            [Body] => Webhook body is not logged unless WP_DEBUG mode is turned on. This is to avoid the storing of personal data in the logs.
            [Response] => Array
                (
                    [Code] => 200
                    [Message] => OK
                    [Headers] => Requests_Utility_CaseInsensitiveDictionary Object
                        (
                            [data:protected] => Array
                                (
                                    [content-type] => text/html; charset=utf-8
                                    [date] => Sat, 30 Jan 2021 15:29:56 GMT
                                    [server] => nginx
                                    [vary] => Cookie
                                    [content-length] => 1
                                )

                        )

                    [Body] => Webhook body is not logged unless WP_DEBUG mode is turned on. This is to avoid the storing of personal data in the logs.
                )

        )

)

2021-01-30T15:58:25+00:00 INFO Array
(
    [Webhook Delivery] => Array
        (
            [Delivery ID] => d02b2407d3d8156d38a9a68989372c9e
            [Date] => sij 30, 2021 @ 15:58
            [URL] => https://a.klaviyo.com/api/webhook/integration/woocommerce?c=Sgzjtc
            [Duration] => 0.76496
            [Request] => Array
                (
                    [Method] => POST
                    [Headers] => Array
                        (
                            [User-Agent] => WooCommerce/3.8.1 Hookshot (WordPress/5.3.4)
                            [Content-Type] => application/json
                            [X-WC-Webhook-Source] => https://mrmaks.eu/hr/
                            [X-WC-Webhook-Topic] => order.created
                            [X-WC-Webhook-Resource] => order
                            [X-WC-Webhook-Event] => created
                            [X-WC-Webhook-Signature] => ivBXKXkWq6DDPZ4SYoSPRG05954GsvOQ1BEwzalVZNY=
                            [X-WC-Webhook-ID] => 6
                            [X-WC-Webhook-Delivery-ID] => d02b2407d3d8156d38a9a68989372c9e
                        )

                )

            [Body] => Webhook body is not logged unless WP_DEBUG mode is turned on. This is to avoid the storing of personal data in the logs.
            [Response] => Array
                (
                    [Code] => 200
                    [Message] => OK
                    [Headers] => Requests_Utility_CaseInsensitiveDictionary Object
                        (
                            [data:protected] => Array
                                (
                                    [content-type] => text/html; charset=utf-8
                                    [date] => Sat, 30 Jan 2021 15:58:27 GMT
                                    [server] => nginx
                                    [vary] => Cookie
                                    [content-length] => 1
                                )

                        )

                    [Body] => Webhook body is not logged unless WP_DEBUG mode is turned on. This is to avoid the storing of personal data in the logs.
                )

        )

)

2021-01-30T15:58:26+00:00 INFO Array
(
    [Webhook Delivery] => Array
        (
            [Delivery ID] => 34bf2c20ffaf04320e3694bb33d96558
            [Date] => sij 30, 2021 @ 15:58
            [URL] => https://a.klaviyo.com/api/webhook/integration/woocommerce?c=Sgzjtc
            [Duration] => 0.47988
            [Request] => Array
                (
                    [Method] => POST
                    [Headers] => Array
                        (
                            [User-Agent] => WooCommerce/3.8.1 Hookshot (WordPress/5.3.4)
                            [Content-Type] => application/json
                            [X-WC-Webhook-Source] => https://mrmaks.eu/hr/
                            [X-WC-Webhook-Topic] => order.updated
                            [X-WC-Webhook-Resource] => order
                            [X-WC-Webhook-Event] => updated
                            [X-WC-Webhook-Signature] => ivBXKXkWq6DDPZ4SYoSPRG05954GsvOQ1BEwzalVZNY=
                            [X-WC-Webhook-ID] => 5
                            [X-WC-Webhook-Delivery-ID] => 34bf2c20ffaf04320e3694bb33d96558
                        )

                )

            [Body] => Webhook body is not logged unless WP_DEBUG mode is turned on. This is to avoid the storing of personal data in the logs.
            [Response] => Array
                (
                    [Code] => 200
                    [Message] => OK
                    [Headers] => Requests_Utility_CaseInsensitiveDictionary Object
                        (
                            [data:protected] => Array
                                (
                                    [content-type] => text/html; charset=utf-8
                                    [date] => Sat, 30 Jan 2021 15:58:27 GMT
                                    [server] => nginx
                                    [vary] => Cookie
                                    [content-length] => 1
                                )

                        )

                    [Body] => Webhook body is not logged unless WP_DEBUG mode is turned on. This is to avoid the storing of personal data in the logs.
                )

        )

)

2021-01-30T16:01:35+00:00 INFO Array
(
    [Webhook Delivery] => Array
        (
            [Delivery ID] => 98c40b67f7d47d5dfb141cc945070928
            [Date] => sij 30, 2021 @ 16:01
            [URL] => https://a.klaviyo.com/api/webhook/integration/woocommerce?c=Sgzjtc
            [Duration] => 0.72422
            [Request] => Array
                (
                    [Method] => POST
                    [Headers] => Array
                        (
                            [User-Agent] => WooCommerce/3.8.1 Hookshot (WordPress/5.3.4)
                            [Content-Type] => application/json
                            [X-WC-Webhook-Source] => https://mrmaks.eu/hr/
                            [X-WC-Webhook-Topic] => order.updated
                            [X-WC-Webhook-Resource] => order
                            [X-WC-Webhook-Event] => updated
                            [X-WC-Webhook-Signature] => ivBXKXkWq6DDPZ4SYoSPRG05954GsvOQ1BEwzalVZNY=
                            [X-WC-Webhook-ID] => 5
                            [X-WC-Webhook-Delivery-ID] => 98c40b67f7d47d5dfb141cc945070928
                        )

                )

            [Body] => Webhook body is not logged unless WP_DEBUG mode is turned on. This is to avoid the storing of personal data in the logs.
            [Response] => Array
                (
                    [Code] => 200
                    [Message] => OK
                    [Headers] => Requests_Utility_CaseInsensitiveDictionary Object
                        (
                            [data:protected] => Array
                                (
                                    [content-type] => text/html; charset=utf-8
                                    [date] => Sat, 30 Jan 2021 16:01:37 GMT
                                    [server] => nginx
                                    [vary] => Cookie
                                    [content-length] => 1
                                )

                        )

                    [Body] => Webhook body is not logged unless WP_DEBUG mode is turned on. This is to avoid the storing of personal data in the logs.
                )

        )

)

2021-01-30T18:00:06+00:00 INFO Array
(
    [Webhook Delivery] => Array
        (
            [Delivery ID] => 2bb27fc5dddf02d61f90ac09388f95a8
            [Date] => sij 30, 2021 @ 18:00
            [URL] => https://a.klaviyo.com/api/webhook/integration/woocommerce?c=Sgzjtc
            [Duration] => 1.11235
            [Request] => Array
                (
                    [Method] => POST
                    [Headers] => Array
                        (
                            [User-Agent] => WooCommerce/3.8.1 Hookshot (WordPress/5.3.4)
                            [Content-Type] => application/json
                            [X-WC-Webhook-Source] => https://mrmaks.eu/hr/
                            [X-WC-Webhook-Topic] => order.created
                            [X-WC-Webhook-Resource] => order
                            [X-WC-Webhook-Event] => created
                            [X-WC-Webhook-Signature] => y7ayJWtR17b0el9ENnt+qhyrE/75ijvGtSrpDI9ywKg=
                            [X-WC-Webhook-ID] => 6
                            [X-WC-Webhook-Delivery-ID] => 2bb27fc5dddf02d61f90ac09388f95a8
                        )

                )

            [Body] => Webhook body is not logged unless WP_DEBUG mode is turned on. This is to avoid the storing of personal data in the logs.
            [Response] => Array
                (
                    [Code] => 200
                    [Message] => OK
                    [Headers] => Requests_Utility_CaseInsensitiveDictionary Object
                        (
                            [data:protected] => Array
                                (
                                    [content-type] => text/html; charset=utf-8
                                    [date] => Sat, 30 Jan 2021 18:00:08 GMT
                                    [server] => nginx
                                    [vary] => Cookie
                                    [content-length] => 1
                                )

                        )

                    [Body] => Webhook body is not logged unless WP_DEBUG mode is turned on. This is to avoid the storing of personal data in the logs.
                )

        )

)

2021-01-30T18:00:07+00:00 INFO Array
(
    [Webhook Delivery] => Array
        (
            [Delivery ID] => 2bb6538a1f7f817cc685f57cf8ee00d9
            [Date] => sij 30, 2021 @ 18:00
            [URL] => https://a.klaviyo.com/api/webhook/integration/woocommerce?c=Sgzjtc
            [Duration] => 0.46544
            [Request] => Array
                (
                    [Method] => POST
                    [Headers] => Array
                        (
                            [User-Agent] => WooCommerce/3.8.1 Hookshot (WordPress/5.3.4)
                            [Content-Type] => application/json
                            [X-WC-Webhook-Source] => https://mrmaks.eu/hr/
                            [X-WC-Webhook-Topic] => order.updated
                            [X-WC-Webhook-Resource] => order
                            [X-WC-Webhook-Event] => updated
                            [X-WC-Webhook-Signature] => y7ayJWtR17b0el9ENnt+qhyrE/75ijvGtSrpDI9ywKg=
                            [X-WC-Webhook-ID] => 5
                            [X-WC-Webhook-Delivery-ID] => 2bb6538a1f7f817cc685f57cf8ee00d9
                        )

                )

            [Body] => Webhook body is not logged unless WP_DEBUG mode is turned on. This is to avoid the storing of personal data in the logs.
            [Response] => Array
                (
                    [Code] => 200
                    [Message] => OK
                    [Headers] => Requests_Utility_CaseInsensitiveDictionary Object
                        (
                            [data:protected] => Array
                                (
                                    [content-type] => text/html; charset=utf-8
                                    [date] => Sat, 30 Jan 2021 18:00:08 GMT
                                    [server] => nginx
                                    [vary] => Cookie
                                    [content-length] => 1
                                )

                        )

                    [Body] => Webhook body is not logged unless WP_DEBUG mode is turned on. This is to avoid the storing of personal data in the logs.
                )

        )

)

2021-01-30T18:02:28+00:00 INFO Array
(
    [Webhook Delivery] => Array
        (
            [Delivery ID] => f8ae45b6f7c9b91959609e913858d285
            [Date] => sij 30, 2021 @ 18:02
            [URL] => https://a.klaviyo.com/api/webhook/integration/woocommerce?c=Sgzjtc
            [Duration] => 0.74542
            [Request] => Array
                (
                    [Method] => POST
                    [Headers] => Array
                        (
                            [User-Agent] => WooCommerce/3.8.1 Hookshot (WordPress/5.3.4)
                            [Content-Type] => application/json
                            [X-WC-Webhook-Source] => https://mrmaks.eu/hr/
                            [X-WC-Webhook-Topic] => order.updated
                            [X-WC-Webhook-Resource] => order
                            [X-WC-Webhook-Event] => updated
                            [X-WC-Webhook-Signature] => y7ayJWtR17b0el9ENnt+qhyrE/75ijvGtSrpDI9ywKg=
                            [X-WC-Webhook-ID] => 5
                            [X-WC-Webhook-Delivery-ID] => f8ae45b6f7c9b91959609e913858d285
                        )

                )

            [Body] => Webhook body is not logged unless WP_DEBUG mode is turned on. This is to avoid the storing of personal data in the logs.
            [Response] => Array
                (
                    [Code] => 200
                    [Message] => OK
                    [Headers] => Requests_Utility_CaseInsensitiveDictionary Object
                        (
                            [data:protected] => Array
                                (
                                    [content-type] => text/html; charset=utf-8
                                    [date] => Sat, 30 Jan 2021 18:02:29 GMT
                                    [server] => nginx
                                    [vary] => Cookie
                                    [content-length] => 1
                                )

                        )

                    [Body] => Webhook body is not logged unless WP_DEBUG mode is turned on. This is to avoid the storing of personal data in the logs.
                )

        )

)

2021-01-30T18:08:17+00:00 INFO Array
(
    [Webhook Delivery] => Array
        (
            [Delivery ID] => cc7e8627dfa17c2c9ac97d64015582f2
            [Date] => sij 30, 2021 @ 18:08
            [URL] => https://a.klaviyo.com/api/webhook/integration/woocommerce?c=Sgzjtc
            [Duration] => 0.81668
            [Request] => Array
                (
                    [Method] => POST
                    [Headers] => Array
                        (
                            [User-Agent] => WooCommerce/3.8.1 Hookshot (WordPress/5.3.4)
                            [Content-Type] => application/json
                            [X-WC-Webhook-Source] => https://mrmaks.eu/hr/
                            [X-WC-Webhook-Topic] => order.created
                            [X-WC-Webhook-Resource] => order
                            [X-WC-Webhook-Event] => created
                            [X-WC-Webhook-Signature] => XwEaJ4xSJ3NRU3KViHo4MM22wXg8HcO1iyRmuD3FT4M=
                            [X-WC-Webhook-ID] => 6
                            [X-WC-Webhook-Delivery-ID] => cc7e8627dfa17c2c9ac97d64015582f2
                        )

                )

            [Body] => Webhook body is not logged unless WP_DEBUG mode is turned on. This is to avoid the storing of personal data in the logs.
            [Response] => Array
                (
                    [Code] => 200
                    [Message] => OK
                    [Headers] => Requests_Utility_CaseInsensitiveDictionary Object
                        (
                            [data:protected] => Array
                                (
                                    [content-type] => text/html; charset=utf-8
                                    [date] => Sat, 30 Jan 2021 18:08:19 GMT
                                    [server] => nginx
                                    [vary] => Cookie
                                    [content-length] => 1
                                )

                        )

                    [Body] => Webhook body is not logged unless WP_DEBUG mode is turned on. This is to avoid the storing of personal data in the logs.
                )

        )

)

2021-01-30T18:08:18+00:00 INFO Array
(
    [Webhook Delivery] => Array
        (
            [Delivery ID] => 6d55214b237855154d1ec8031240d817
            [Date] => sij 30, 2021 @ 18:08
            [URL] => https://a.klaviyo.com/api/webhook/integration/woocommerce?c=Sgzjtc
            [Duration] => 0.48609
            [Request] => Array
                (
                    [Method] => POST
                    [Headers] => Array
                        (
                            [User-Agent] => WooCommerce/3.8.1 Hookshot (WordPress/5.3.4)
                            [Content-Type] => application/json
                            [X-WC-Webhook-Source] => https://mrmaks.eu/hr/
                            [X-WC-Webhook-Topic] => order.updated
                            [X-WC-Webhook-Resource] => order
                            [X-WC-Webhook-Event] => updated
                            [X-WC-Webhook-Signature] => XwEaJ4xSJ3NRU3KViHo4MM22wXg8HcO1iyRmuD3FT4M=
                            [X-WC-Webhook-ID] => 5
                            [X-WC-Webhook-Delivery-ID] => 6d55214b237855154d1ec8031240d817
                        )

                )

            [Body] => Webhook body is not logged unless WP_DEBUG mode is turned on. This is to avoid the storing of personal data in the logs.
            [Response] => Array
                (
                    [Code] => 200
                    [Message] => OK
                    [Headers] => Requests_Utility_CaseInsensitiveDictionary Object
                        (
                            [data:protected] => Array
                                (
                                    [content-type] => text/html; charset=utf-8
                                    [date] => Sat, 30 Jan 2021 18:08:20 GMT
                                    [server] => nginx
                                    [vary] => Cookie
                                    [content-length] => 1
                                )

                        )

                    [Body] => Webhook body is not logged unless WP_DEBUG mode is turned on. This is to avoid the storing of personal data in the logs.
                )

        )

)

2021-01-30T18:09:05+00:00 INFO Array
(
    [Webhook Delivery] => Array
        (
            [Delivery ID] => 852e1cd54a04e1a61b09e7d7480e5101
            [Date] => sij 30, 2021 @ 18:09
            [URL] => https://a.klaviyo.com/api/webhook/integration/woocommerce?c=Sgzjtc
            [Duration] => 1.41412
            [Request] => Array
                (
                    [Method] => POST
                    [Headers] => Array
                        (
                            [User-Agent] => WooCommerce/3.8.1 Hookshot (WordPress/5.3.4)
                            [Content-Type] => application/json
                            [X-WC-Webhook-Source] => https://mrmaks.eu/hr/
                            [X-WC-Webhook-Topic] => order.updated
                            [X-WC-Webhook-Resource] => order
                            [X-WC-Webhook-Event] => updated
                            [X-WC-Webhook-Signature] => XwEaJ4xSJ3NRU3KViHo4MM22wXg8HcO1iyRmuD3FT4M=
                            [X-WC-Webhook-ID] => 5
                            [X-WC-Webhook-Delivery-ID] => 852e1cd54a04e1a61b09e7d7480e5101
                        )

                )

            [Body] => Webhook body is not logged unless WP_DEBUG mode is turned on. This is to avoid the storing of personal data in the logs.
            [Response] => Array
                (
                    [Code] => 200
                    [Message] => OK
                    [Headers] => Requests_Utility_CaseInsensitiveDictionary Object
                        (
                            [data:protected] => Array
                                (
                                    [content-type] => text/html; charset=utf-8
                                    [date] => Sat, 30 Jan 2021 18:09:06 GMT
                                    [server] => nginx
                                    [vary] => Cookie
                                    [content-length] => 1
                                )

                        )

                    [Body] => Webhook body is not logged unless WP_DEBUG mode is turned on. This is to avoid the storing of personal data in the logs.
                )

        )

)

2021-01-30T18:19:51+00:00 INFO Array
(
    [Webhook Delivery] => Array
        (
            [Delivery ID] => 193362a93c9b6347c758ec923e32d156
            [Date] => sij 30, 2021 @ 18:19
            [URL] => https://a.klaviyo.com/api/webhook/integration/woocommerce?c=Sgzjtc
            [Duration] => 1.06619
            [Request] => Array
                (
                    [Method] => POST
                    [Headers] => Array
                        (
                            [User-Agent] => WooCommerce/3.8.1 Hookshot (WordPress/5.3.4)
                            [Content-Type] => application/json
                            [X-WC-Webhook-Source] => https://mrmaks.eu/hr/
                            [X-WC-Webhook-Topic] => order.created
                            [X-WC-Webhook-Resource] => order
                            [X-WC-Webhook-Event] => created
                            [X-WC-Webhook-Signature] => kUAmOCl3SPwCT1WGv+CAmdjfb5OoDOWQiz3bdIcR0Bg=
                            [X-WC-Webhook-ID] => 6
                            [X-WC-Webhook-Delivery-ID] => 193362a93c9b6347c758ec923e32d156
                        )

                )

            [Body] => Webhook body is not logged unless WP_DEBUG mode is turned on. This is to avoid the storing of personal data in the logs.
            [Response] => Array
                (
                    [Code] => 200
                    [Message] => OK
                    [Headers] => Requests_Utility_CaseInsensitiveDictionary Object
                        (
                            [data:protected] => Array
                                (
                                    [content-type] => text/html; charset=utf-8
                                    [date] => Sat, 30 Jan 2021 18:19:53 GMT
                                    [server] => nginx
                                    [vary] => Cookie
                                    [content-length] => 1
                                )

                        )

                    [Body] => Webhook body is not logged unless WP_DEBUG mode is turned on. This is to avoid the storing of personal data in the logs.
                )

        )

)

2021-01-30T18:19:52+00:00 INFO Array
(
    [Webhook Delivery] => Array
        (
            [Delivery ID] => 52fe5cd83d8b4e2b0caffa4b7ed5a184
            [Date] => sij 30, 2021 @ 18:19
            [URL] => https://a.klaviyo.com/api/webhook/integration/woocommerce?c=Sgzjtc
            [Duration] => 0.51331
            [Request] => Array
                (
                    [Method] => POST
                    [Headers] => Array
                        (
                            [User-Agent] => WooCommerce/3.8.1 Hookshot (WordPress/5.3.4)
                            [Content-Type] => application/json
                            [X-WC-Webhook-Source] => https://mrmaks.eu/hr/
                            [X-WC-Webhook-Topic] => order.updated
                            [X-WC-Webhook-Resource] => order
                            [X-WC-Webhook-Event] => updated
                            [X-WC-Webhook-Signature] => kUAmOCl3SPwCT1WGv+CAmdjfb5OoDOWQiz3bdIcR0Bg=
                            [X-WC-Webhook-ID] => 5
                            [X-WC-Webhook-Delivery-ID] => 52fe5cd83d8b4e2b0caffa4b7ed5a184
                        )

                )

            [Body] => Webhook body is not logged unless WP_DEBUG mode is turned on. This is to avoid the storing of personal data in the logs.
            [Response] => Array
                (
                    [Code] => 200
                    [Message] => OK
                    [Headers] => Requests_Utility_CaseInsensitiveDictionary Object
                        (
                            [data:protected] => Array
                                (
                                    [content-type] => text/html; charset=utf-8
                                    [date] => Sat, 30 Jan 2021 18:19:53 GMT
                                    [server] => nginx
                                    [vary] => Cookie
                                    [content-length] => 1
                                )

                        )

                    [Body] => Webhook body is not logged unless WP_DEBUG mode is turned on. This is to avoid the storing of personal data in the logs.
                )

        )

)

2021-01-30T18:32:06+00:00 INFO Array
(
    [Webhook Delivery] => Array
        (
            [Delivery ID] => ac9759ade02a5caabd0542a0993414c8
            [Date] => sij 30, 2021 @ 18:32
            [URL] => https://a.klaviyo.com/api/webhook/integration/woocommerce?c=Sgzjtc
            [Duration] => 0.92909
            [Request] => Array
                (
                    [Method] => POST
                    [Headers] => Array
                        (
                            [User-Agent] => WooCommerce/3.8.1 Hookshot (WordPress/5.3.4)
                            [Content-Type] => application/json
                            [X-WC-Webhook-Source] => https://mrmaks.eu/hr/
                            [X-WC-Webhook-Topic] => order.created
                            [X-WC-Webhook-Resource] => order
                            [X-WC-Webhook-Event] => created
                            [X-WC-Webhook-Signature] => GAbbk36WX2XSZmcaWVmfdtPIAI65Gd7gNyKyADQxlY0=
                            [X-WC-Webhook-ID] => 6
                            [X-WC-Webhook-Delivery-ID] => ac9759ade02a5caabd0542a0993414c8
                        )

                )

            [Body] => Webhook body is not logged unless WP_DEBUG mode is turned on. This is to avoid the storing of personal data in the logs.
            [Response] => Array
                (
                    [Code] => 200
                    [Message] => OK
                    [Headers] => Requests_Utility_CaseInsensitiveDictionary Object
                        (
                            [data:protected] => Array
                                (
                                    [content-type] => text/html; charset=utf-8
                                    [date] => Sat, 30 Jan 2021 18:32:07 GMT
                                    [server] => nginx
                                    [vary] => Cookie
                                    [content-length] => 1
                                )

                        )

                    [Body] => Webhook body is not logged unless WP_DEBUG mode is turned on. This is to avoid the storing of personal data in the logs.
                )

        )

)

2021-01-30T18:32:06+00:00 INFO Array
(
    [Webhook Delivery] => Array
        (
            [Delivery ID] => a5c61d89860c13e7a4ebbe07990f4d88
            [Date] => sij 30, 2021 @ 18:32
            [URL] => https://a.klaviyo.com/api/webhook/integration/woocommerce?c=Sgzjtc
            [Duration] => 0.47811
            [Request] => Array
                (
                    [Method] => POST
                    [Headers] => Array
                        (
                            [User-Agent] => WooCommerce/3.8.1 Hookshot (WordPress/5.3.4)
                            [Content-Type] => application/json
                            [X-WC-Webhook-Source] => https://mrmaks.eu/hr/
                            [X-WC-Webhook-Topic] => order.updated
                            [X-WC-Webhook-Resource] => order
                            [X-WC-Webhook-Event] => updated
                            [X-WC-Webhook-Signature] => GAbbk36WX2XSZmcaWVmfdtPIAI65Gd7gNyKyADQxlY0=
                            [X-WC-Webhook-ID] => 5
                            [X-WC-Webhook-Delivery-ID] => a5c61d89860c13e7a4ebbe07990f4d88
                        )

                )

            [Body] => Webhook body is not logged unless WP_DEBUG mode is turned on. This is to avoid the storing of personal data in the logs.
            [Response] => Array
                (
                    [Code] => 200
                    [Message] => OK
                    [Headers] => Requests_Utility_CaseInsensitiveDictionary Object
                        (
                            [data:protected] => Array
                                (
                                    [content-type] => text/html; charset=utf-8
                                    [date] => Sat, 30 Jan 2021 18:32:08 GMT
                                    [server] => nginx
                                    [vary] => Cookie
                                    [content-length] => 1
                                )

                        )

                    [Body] => Webhook body is not logged unless WP_DEBUG mode is turned on. This is to avoid the storing of personal data in the logs.
                )

        )

)

2021-01-30T18:32:07+00:00 INFO Array
(
    [Webhook Delivery] => Array
        (
            [Delivery ID] => ad20b6fa32d98d78bd3eac44e51d33d0
            [Date] => sij 30, 2021 @ 18:32
            [URL] => https://a.klaviyo.com/api/webhook/integration/woocommerce?c=Sgzjtc
            [Duration] => 0.4837
            [Request] => Array
                (
                    [Method] => POST
                    [Headers] => Array
                        (
                            [User-Agent] => WooCommerce/3.8.1 Hookshot (WordPress/5.3.4)
                            [Content-Type] => application/json
                            [X-WC-Webhook-Source] => https://mrmaks.eu/hr/
                            [X-WC-Webhook-Topic] => order.created
                            [X-WC-Webhook-Resource] => order
                            [X-WC-Webhook-Event] => created
                            [X-WC-Webhook-Signature] => xNhDtuOSCaR7l/1qKIF86W+0MmjBQ2CZzzfALzTsYfU=
                            [X-WC-Webhook-ID] => 6
                            [X-WC-Webhook-Delivery-ID] => ad20b6fa32d98d78bd3eac44e51d33d0
                        )

                )

            [Body] => Webhook body is not logged unless WP_DEBUG mode is turned on. This is to avoid the storing of personal data in the logs.
            [Response] => Array
                (
                    [Code] => 200
                    [Message] => OK
                    [Headers] => Requests_Utility_CaseInsensitiveDictionary Object
                        (
                            [data:protected] => Array
                                (
                                    [content-type] => text/html; charset=utf-8
                                    [date] => Sat, 30 Jan 2021 18:32:08 GMT
                                    [server] => nginx
                                    [vary] => Cookie
                                    [content-length] => 1
                                )

                        )

                    [Body] => Webhook body is not logged unless WP_DEBUG mode is turned on. This is to avoid the storing of personal data in the logs.
                )

        )

)

2021-01-30T18:32:08+00:00 INFO Array
(
    [Webhook Delivery] => Array
        (
            [Delivery ID] => 81ed98b5b9b65cdf072857ca8d7597be
            [Date] => sij 30, 2021 @ 18:32
            [URL] => https://a.klaviyo.com/api/webhook/integration/woocommerce?c=Sgzjtc
            [Duration] => 0.46722
            [Request] => Array
                (
                    [Method] => POST
                    [Headers] => Array
                        (
                            [User-Agent] => WooCommerce/3.8.1 Hookshot (WordPress/5.3.4)
                            [Content-Type] => application/json
                            [X-WC-Webhook-Source] => https://mrmaks.eu/hr/
                            [X-WC-Webhook-Topic] => order.updated
                            [X-WC-Webhook-Resource] => order
                            [X-WC-Webhook-Event] => updated
                            [X-WC-Webhook-Signature] => xNhDtuOSCaR7l/1qKIF86W+0MmjBQ2CZzzfALzTsYfU=
                            [X-WC-Webhook-ID] => 5
                            [X-WC-Webhook-Delivery-ID] => 81ed98b5b9b65cdf072857ca8d7597be
                        )

                )

            [Body] => Webhook body is not logged unless WP_DEBUG mode is turned on. This is to avoid the storing of personal data in the logs.
            [Response] => Array
                (
                    [Code] => 200
                    [Message] => OK
                    [Headers] => Requests_Utility_CaseInsensitiveDictionary Object
                        (
                            [data:protected] => Array
                                (
                                    [content-type] => text/html; charset=utf-8
                                    [date] => Sat, 30 Jan 2021 18:32:09 GMT
                                    [server] => nginx
                                    [vary] => Cookie
                                    [content-length] => 1
                                )

                        )

                    [Body] => Webhook body is not logged unless WP_DEBUG mode is turned on. This is to avoid the storing of personal data in the logs.
                )

        )

)

2021-01-30T18:34:15+00:00 INFO Array
(
    [Webhook Delivery] => Array
        (
            [Delivery ID] => dea006712db69314a01a9c493f1891e5
            [Date] => sij 30, 2021 @ 18:34
            [URL] => https://a.klaviyo.com/api/webhook/integration/woocommerce?c=Sgzjtc
            [Duration] => 0.93622
            [Request] => Array
                (
                    [Method] => POST
                    [Headers] => Array
                        (
                            [User-Agent] => WooCommerce/3.8.1 Hookshot (WordPress/5.3.4)
                            [Content-Type] => application/json
                            [X-WC-Webhook-Source] => https://mrmaks.eu/hr/
                            [X-WC-Webhook-Topic] => order.updated
                            [X-WC-Webhook-Resource] => order
                            [X-WC-Webhook-Event] => updated
                            [X-WC-Webhook-Signature] => xNhDtuOSCaR7l/1qKIF86W+0MmjBQ2CZzzfALzTsYfU=
                            [X-WC-Webhook-ID] => 5
                            [X-WC-Webhook-Delivery-ID] => dea006712db69314a01a9c493f1891e5
                        )

                )

            [Body] => Webhook body is not logged unless WP_DEBUG mode is turned on. This is to avoid the storing of personal data in the logs.
            [Response] => Array
                (
                    [Code] => 200
                    [Message] => OK
                    [Headers] => Requests_Utility_CaseInsensitiveDictionary Object
                        (
                            [data:protected] => Array
                                (
                                    [content-type] => text/html; charset=utf-8
                                    [date] => Sat, 30 Jan 2021 18:34:17 GMT
                                    [server] => nginx
                                    [vary] => Cookie
                                    [content-length] => 1
                                )

                        )

                    [Body] => Webhook body is not logged unless WP_DEBUG mode is turned on. This is to avoid the storing of personal data in the logs.
                )

        )

)

2021-01-30T21:13:03+00:00 INFO Array
(
    [Webhook Delivery] => Array
        (
            [Delivery ID] => 31fdbcd8203679e268921502e7bc69ad
            [Date] => sij 30, 2021 @ 21:13
            [URL] => https://a.klaviyo.com/api/webhook/integration/woocommerce?c=Sgzjtc
            [Duration] => 0.64953
            [Request] => Array
                (
                    [Method] => POST
                    [Headers] => Array
                        (
                            [User-Agent] => WooCommerce/3.8.1 Hookshot (WordPress/5.3.4)
                            [Content-Type] => application/json
                            [X-WC-Webhook-Source] => https://mrmaks.eu/hr/
                            [X-WC-Webhook-Topic] => order.created
                            [X-WC-Webhook-Resource] => order
                            [X-WC-Webhook-Event] => created
                            [X-WC-Webhook-Signature] => 8GRLhdWWkLfKRulEWmyvqEDBfAMkc2bez8D0AjKIX5Y=
                            [X-WC-Webhook-ID] => 6
                            [X-WC-Webhook-Delivery-ID] => 31fdbcd8203679e268921502e7bc69ad
                        )

                )

            [Body] => Webhook body is not logged unless WP_DEBUG mode is turned on. This is to avoid the storing of personal data in the logs.
            [Response] => Array
                (
                    [Code] => 200
                    [Message] => OK
                    [Headers] => Requests_Utility_CaseInsensitiveDictionary Object
                        (
                            [data:protected] => Array
                                (
                                    [content-type] => text/html; charset=utf-8
                                    [date] => Sat, 30 Jan 2021 21:13:03 GMT
                                    [server] => nginx
                                    [vary] => Cookie
                                    [content-length] => 1
                                )

                        )

                    [Body] => Webhook body is not logged unless WP_DEBUG mode is turned on. This is to avoid the storing of personal data in the logs.
                )

        )

)

2021-01-30T21:13:03+00:00 INFO Array
(
    [Webhook Delivery] => Array
        (
            [Delivery ID] => 8ac567343485686468dfef38d5423cfb
            [Date] => sij 30, 2021 @ 21:13
            [URL] => https://a.klaviyo.com/api/webhook/integration/woocommerce?c=Sgzjtc
            [Duration] => 0.4858
            [Request] => Array
                (
                    [Method] => POST
                    [Headers] => Array
                        (
                            [User-Agent] => WooCommerce/3.8.1 Hookshot (WordPress/5.3.4)
                            [Content-Type] => application/json
                            [X-WC-Webhook-Source] => https://mrmaks.eu/hr/
                            [X-WC-Webhook-Topic] => order.updated
                            [X-WC-Webhook-Resource] => order
                            [X-WC-Webhook-Event] => updated
                            [X-WC-Webhook-Signature] => 8GRLhdWWkLfKRulEWmyvqEDBfAMkc2bez8D0AjKIX5Y=
                            [X-WC-Webhook-ID] => 5
                            [X-WC-Webhook-Delivery-ID] => 8ac567343485686468dfef38d5423cfb
                        )

                )

            [Body] => Webhook body is not logged unless WP_DEBUG mode is turned on. This is to avoid the storing of personal data in the logs.
            [Response] => Array
                (
                    [Code] => 200
                    [Message] => OK
                    [Headers] => Requests_Utility_CaseInsensitiveDictionary Object
                        (
                            [data:protected] => Array
                                (
                                    [content-type] => text/html; charset=utf-8
                                    [date] => Sat, 30 Jan 2021 21:13:03 GMT
                                    [server] => nginx
                                    [vary] => Cookie
                                    [content-length] => 1
                                )

                        )

                    [Body] => Webhook body is not logged unless WP_DEBUG mode is turned on. This is to avoid the storing of personal data in the logs.
                )

        )

)

2021-01-30T21:16:32+00:00 INFO Array
(
    [Webhook Delivery] => Array
        (
            [Delivery ID] => ce49243f707d5eb631dd6110b96e6b64
            [Date] => sij 30, 2021 @ 21:16
            [URL] => https://a.klaviyo.com/api/webhook/integration/woocommerce?c=Sgzjtc
            [Duration] => 0.75508
            [Request] => Array
                (
                    [Method] => POST
                    [Headers] => Array
                        (
                            [User-Agent] => WooCommerce/3.8.1 Hookshot (WordPress/5.3.4)
                            [Content-Type] => application/json
                            [X-WC-Webhook-Source] => https://mrmaks.eu/hr/
                            [X-WC-Webhook-Topic] => order.updated
                            [X-WC-Webhook-Resource] => order
                            [X-WC-Webhook-Event] => updated
                            [X-WC-Webhook-Signature] => 8GRLhdWWkLfKRulEWmyvqEDBfAMkc2bez8D0AjKIX5Y=
                            [X-WC-Webhook-ID] => 5
                            [X-WC-Webhook-Delivery-ID] => ce49243f707d5eb631dd6110b96e6b64
                        )

                )

            [Body] => Webhook body is not logged unless WP_DEBUG mode is turned on. This is to avoid the storing of personal data in the logs.
            [Response] => Array
                (
                    [Code] => 200
                    [Message] => OK
                    [Headers] => Requests_Utility_CaseInsensitiveDictionary Object
                        (
                            [data:protected] => Array
                                (
                                    [content-type] => text/html; charset=utf-8
                                    [date] => Sat, 30 Jan 2021 21:16:32 GMT
                                    [server] => nginx
                                    [vary] => Cookie
                                    [content-length] => 1
                                )

                        )

                    [Body] => Webhook body is not logged unless WP_DEBUG mode is turned on. This is to avoid the storing of personal data in the logs.
                )

        )

)

2021-01-30T21:22:52+00:00 INFO Array
(
    [Webhook Delivery] => Array
        (
            [Delivery ID] => 5325d05a2896ea4203691d8050c1dcc7
            [Date] => sij 30, 2021 @ 21:22
            [URL] => https://a.klaviyo.com/api/webhook/integration/woocommerce?c=Sgzjtc
            [Duration] => 0.68406
            [Request] => Array
                (
                    [Method] => POST
                    [Headers] => Array
                        (
                            [User-Agent] => WooCommerce/3.8.1 Hookshot (WordPress/5.3.4)
                            [Content-Type] => application/json
                            [X-WC-Webhook-Source] => https://mrmaks.eu/hr/
                            [X-WC-Webhook-Topic] => order.created
                            [X-WC-Webhook-Resource] => order
                            [X-WC-Webhook-Event] => created
                            [X-WC-Webhook-Signature] => Qx/YWf7pdod5iQuxJy0F/AhScdkPgwASEdOr0hzABps=
                            [X-WC-Webhook-ID] => 6
                            [X-WC-Webhook-Delivery-ID] => 5325d05a2896ea4203691d8050c1dcc7
                        )

                )

            [Body] => Webhook body is not logged unless WP_DEBUG mode is turned on. This is to avoid the storing of personal data in the logs.
            [Response] => Array
                (
                    [Code] => 200
                    [Message] => OK
                    [Headers] => Requests_Utility_CaseInsensitiveDictionary Object
                        (
                            [data:protected] => Array
                                (
                                    [content-type] => text/html; charset=utf-8
                                    [date] => Sat, 30 Jan 2021 21:22:52 GMT
                                    [server] => nginx
                                    [vary] => Cookie
                                    [content-length] => 1
                                )

                        )

                    [Body] => Webhook body is not logged unless WP_DEBUG mode is turned on. This is to avoid the storing of personal data in the logs.
                )

        )

)

2021-01-30T21:22:53+00:00 INFO Array
(
    [Webhook Delivery] => Array
        (
            [Delivery ID] => b540b9f696fd461f6920003cb46df7ce
            [Date] => sij 30, 2021 @ 21:22
            [URL] => https://a.klaviyo.com/api/webhook/integration/woocommerce?c=Sgzjtc
            [Duration] => 0.46729
            [Request] => Array
                (
                    [Method] => POST
                    [Headers] => Array
                        (
                            [User-Agent] => WooCommerce/3.8.1 Hookshot (WordPress/5.3.4)
                            [Content-Type] => application/json
                            [X-WC-Webhook-Source] => https://mrmaks.eu/hr/
                            [X-WC-Webhook-Topic] => order.updated
                            [X-WC-Webhook-Resource] => order
                            [X-WC-Webhook-Event] => updated
                            [X-WC-Webhook-Signature] => Qx/YWf7pdod5iQuxJy0F/AhScdkPgwASEdOr0hzABps=
                            [X-WC-Webhook-ID] => 5
                            [X-WC-Webhook-Delivery-ID] => b540b9f696fd461f6920003cb46df7ce
                        )

                )

            [Body] => Webhook body is not logged unless WP_DEBUG mode is turned on. This is to avoid the storing of personal data in the logs.
            [Response] => Array
                (
                    [Code] => 200
                    [Message] => OK
                    [Headers] => Requests_Utility_CaseInsensitiveDictionary Object
                        (
                            [data:protected] => Array
                                (
                                    [content-type] => text/html; charset=utf-8
                                    [date] => Sat, 30 Jan 2021 21:22:53 GMT
                                    [server] => nginx
                                    [vary] => Cookie
                                    [content-length] => 1
                                )

                        )

                    [Body] => Webhook body is not logged unless WP_DEBUG mode is turned on. This is to avoid the storing of personal data in the logs.
                )

        )

)

