2021-01-27T02:11:37+00:00 INFO Array
(
    [Webhook Delivery] => Array
        (
            [Delivery ID] => d73f16b499a4cb1fdbb2881ea4f14193
            [Date] => sij 27, 2021 @ 2:11
            [URL] => https://a.klaviyo.com/api/webhook/integration/woocommerce?c=Sgzjtc
            [Duration] => 0.77327
            [Request] => Array
                (
                    [Method] => POST
                    [Headers] => Array
                        (
                            [User-Agent] => WooCommerce/3.8.1 Hookshot (WordPress/5.3.4)
                            [Content-Type] => application/json
                            [X-WC-Webhook-Source] => https://mrmaks.eu/hr/
                            [X-WC-Webhook-Topic] => order.created
                            [X-WC-Webhook-Resource] => order
                            [X-WC-Webhook-Event] => created
                            [X-WC-Webhook-Signature] => JXV+g5esqhk62enKu9bhXSKCt6/q67Gnm74q+2ls/Hs=
                            [X-WC-Webhook-ID] => 6
                            [X-WC-Webhook-Delivery-ID] => d73f16b499a4cb1fdbb2881ea4f14193
                        )

                )

            [Body] => Webhook body is not logged unless WP_DEBUG mode is turned on. This is to avoid the storing of personal data in the logs.
            [Response] => Array
                (
                    [Code] => 200
                    [Message] => OK
                    [Headers] => Requests_Utility_CaseInsensitiveDictionary Object
                        (
                            [data:protected] => Array
                                (
                                    [content-type] => text/html; charset=utf-8
                                    [date] => Wed, 27 Jan 2021 02:11:39 GMT
                                    [server] => nginx
                                    [vary] => Cookie
                                    [content-length] => 1
                                )

                        )

                    [Body] => Webhook body is not logged unless WP_DEBUG mode is turned on. This is to avoid the storing of personal data in the logs.
                )

        )

)

2021-01-27T02:11:38+00:00 INFO Array
(
    [Webhook Delivery] => Array
        (
            [Delivery ID] => 848f3ad2a3bd52900de1193a1560fd03
            [Date] => sij 27, 2021 @ 2:11
            [URL] => https://a.klaviyo.com/api/webhook/integration/woocommerce?c=Sgzjtc
            [Duration] => 0.46344
            [Request] => Array
                (
                    [Method] => POST
                    [Headers] => Array
                        (
                            [User-Agent] => WooCommerce/3.8.1 Hookshot (WordPress/5.3.4)
                            [Content-Type] => application/json
                            [X-WC-Webhook-Source] => https://mrmaks.eu/hr/
                            [X-WC-Webhook-Topic] => order.updated
                            [X-WC-Webhook-Resource] => order
                            [X-WC-Webhook-Event] => updated
                            [X-WC-Webhook-Signature] => JXV+g5esqhk62enKu9bhXSKCt6/q67Gnm74q+2ls/Hs=
                            [X-WC-Webhook-ID] => 5
                            [X-WC-Webhook-Delivery-ID] => 848f3ad2a3bd52900de1193a1560fd03
                        )

                )

            [Body] => Webhook body is not logged unless WP_DEBUG mode is turned on. This is to avoid the storing of personal data in the logs.
            [Response] => Array
                (
                    [Code] => 200
                    [Message] => OK
                    [Headers] => Requests_Utility_CaseInsensitiveDictionary Object
                        (
                            [data:protected] => Array
                                (
                                    [content-type] => text/html; charset=utf-8
                                    [date] => Wed, 27 Jan 2021 02:11:39 GMT
                                    [server] => nginx
                                    [vary] => Cookie
                                    [content-length] => 1
                                )

                        )

                    [Body] => Webhook body is not logged unless WP_DEBUG mode is turned on. This is to avoid the storing of personal data in the logs.
                )

        )

)

2021-01-27T06:45:25+00:00 INFO Array
(
    [Webhook Delivery] => Array
        (
            [Delivery ID] => 0cf984f838ea44a26313171e46205010
            [Date] => sij 27, 2021 @ 6:45
            [URL] => https://a.klaviyo.com/api/webhook/integration/woocommerce?c=Sgzjtc
            [Duration] => 0.74596
            [Request] => Array
                (
                    [Method] => POST
                    [Headers] => Array
                        (
                            [User-Agent] => WooCommerce/3.8.1 Hookshot (WordPress/5.3.4)
                            [Content-Type] => application/json
                            [X-WC-Webhook-Source] => https://mrmaks.eu/hr/
                            [X-WC-Webhook-Topic] => order.updated
                            [X-WC-Webhook-Resource] => order
                            [X-WC-Webhook-Event] => updated
                            [X-WC-Webhook-Signature] => bq+iLGno0lL+VNYtsqJU7HCIh7Ukzo8IC1ocU6Y0hw0=
                            [X-WC-Webhook-ID] => 5
                            [X-WC-Webhook-Delivery-ID] => 0cf984f838ea44a26313171e46205010
                        )

                )

            [Body] => Webhook body is not logged unless WP_DEBUG mode is turned on. This is to avoid the storing of personal data in the logs.
            [Response] => Array
                (
                    [Code] => 200
                    [Message] => OK
                    [Headers] => Requests_Utility_CaseInsensitiveDictionary Object
                        (
                            [data:protected] => Array
                                (
                                    [content-type] => text/html; charset=utf-8
                                    [date] => Wed, 27 Jan 2021 06:45:26 GMT
                                    [server] => nginx
                                    [vary] => Cookie
                                    [content-length] => 1
                                )

                        )

                    [Body] => Webhook body is not logged unless WP_DEBUG mode is turned on. This is to avoid the storing of personal data in the logs.
                )

        )

)

2021-01-27T08:58:04+00:00 INFO Array
(
    [Webhook Delivery] => Array
        (
            [Delivery ID] => 75e9dd4f33fbffee512c32f17fb978b2
            [Date] => sij 27, 2021 @ 8:58
            [URL] => https://a.klaviyo.com/api/webhook/integration/woocommerce?c=Sgzjtc
            [Duration] => 1.22283
            [Request] => Array
                (
                    [Method] => POST
                    [Headers] => Array
                        (
                            [User-Agent] => WooCommerce/3.8.1 Hookshot (WordPress/5.3.4)
                            [Content-Type] => application/json
                            [X-WC-Webhook-Source] => https://mrmaks.eu/hr/
                            [X-WC-Webhook-Topic] => order.created
                            [X-WC-Webhook-Resource] => order
                            [X-WC-Webhook-Event] => created
                            [X-WC-Webhook-Signature] => 3HXzd17o+wraJRiY3udA67zYwT+MMKQKjTZfFnEn5rI=
                            [X-WC-Webhook-ID] => 6
                            [X-WC-Webhook-Delivery-ID] => 75e9dd4f33fbffee512c32f17fb978b2
                        )

                )

            [Body] => Webhook body is not logged unless WP_DEBUG mode is turned on. This is to avoid the storing of personal data in the logs.
            [Response] => Array
                (
                    [Code] => 200
                    [Message] => OK
                    [Headers] => Requests_Utility_CaseInsensitiveDictionary Object
                        (
                            [data:protected] => Array
                                (
                                    [content-type] => text/html; charset=utf-8
                                    [date] => Wed, 27 Jan 2021 08:58:06 GMT
                                    [server] => nginx
                                    [vary] => Cookie
                                    [content-length] => 1
                                )

                        )

                    [Body] => Webhook body is not logged unless WP_DEBUG mode is turned on. This is to avoid the storing of personal data in the logs.
                )

        )

)

2021-01-27T08:58:05+00:00 INFO Array
(
    [Webhook Delivery] => Array
        (
            [Delivery ID] => 36458e176cc85bfc375947491449ae39
            [Date] => sij 27, 2021 @ 8:58
            [URL] => https://a.klaviyo.com/api/webhook/integration/woocommerce?c=Sgzjtc
            [Duration] => 0.51138
            [Request] => Array
                (
                    [Method] => POST
                    [Headers] => Array
                        (
                            [User-Agent] => WooCommerce/3.8.1 Hookshot (WordPress/5.3.4)
                            [Content-Type] => application/json
                            [X-WC-Webhook-Source] => https://mrmaks.eu/hr/
                            [X-WC-Webhook-Topic] => order.updated
                            [X-WC-Webhook-Resource] => order
                            [X-WC-Webhook-Event] => updated
                            [X-WC-Webhook-Signature] => 3HXzd17o+wraJRiY3udA67zYwT+MMKQKjTZfFnEn5rI=
                            [X-WC-Webhook-ID] => 5
                            [X-WC-Webhook-Delivery-ID] => 36458e176cc85bfc375947491449ae39
                        )

                )

            [Body] => Webhook body is not logged unless WP_DEBUG mode is turned on. This is to avoid the storing of personal data in the logs.
            [Response] => Array
                (
                    [Code] => 200
                    [Message] => OK
                    [Headers] => Requests_Utility_CaseInsensitiveDictionary Object
                        (
                            [data:protected] => Array
                                (
                                    [content-type] => text/html; charset=utf-8
                                    [date] => Wed, 27 Jan 2021 08:58:06 GMT
                                    [server] => nginx
                                    [vary] => Cookie
                                    [content-length] => 1
                                )

                        )

                    [Body] => Webhook body is not logged unless WP_DEBUG mode is turned on. This is to avoid the storing of personal data in the logs.
                )

        )

)

2021-01-27T09:28:06+00:00 INFO Array
(
    [Webhook Delivery] => Array
        (
            [Delivery ID] => 8f78d16b0229e8681d87c2ef4934ada0
            [Date] => sij 27, 2021 @ 9:28
            [URL] => https://a.klaviyo.com/api/webhook/integration/woocommerce?c=Sgzjtc
            [Duration] => 0.89256
            [Request] => Array
                (
                    [Method] => POST
                    [Headers] => Array
                        (
                            [User-Agent] => WooCommerce/3.8.1 Hookshot (WordPress/5.3.4)
                            [Content-Type] => application/json
                            [X-WC-Webhook-Source] => https://mrmaks.eu/hr/
                            [X-WC-Webhook-Topic] => order.created
                            [X-WC-Webhook-Resource] => order
                            [X-WC-Webhook-Event] => created
                            [X-WC-Webhook-Signature] => ryO4t3FDoIYeHQtZJLs+76qox2I9kxGwOD36sLUqtNs=
                            [X-WC-Webhook-ID] => 6
                            [X-WC-Webhook-Delivery-ID] => 8f78d16b0229e8681d87c2ef4934ada0
                        )

                )

            [Body] => Webhook body is not logged unless WP_DEBUG mode is turned on. This is to avoid the storing of personal data in the logs.
            [Response] => Array
                (
                    [Code] => 200
                    [Message] => OK
                    [Headers] => Requests_Utility_CaseInsensitiveDictionary Object
                        (
                            [data:protected] => Array
                                (
                                    [content-type] => text/html; charset=utf-8
                                    [date] => Wed, 27 Jan 2021 09:28:07 GMT
                                    [server] => nginx
                                    [vary] => Cookie
                                    [content-length] => 1
                                )

                        )

                    [Body] => Webhook body is not logged unless WP_DEBUG mode is turned on. This is to avoid the storing of personal data in the logs.
                )

        )

)

2021-01-27T09:28:06+00:00 INFO Array
(
    [Webhook Delivery] => Array
        (
            [Delivery ID] => e1e84153f5b6ee2aad79a902e420f528
            [Date] => sij 27, 2021 @ 9:28
            [URL] => https://a.klaviyo.com/api/webhook/integration/woocommerce?c=Sgzjtc
            [Duration] => 0.46807
            [Request] => Array
                (
                    [Method] => POST
                    [Headers] => Array
                        (
                            [User-Agent] => WooCommerce/3.8.1 Hookshot (WordPress/5.3.4)
                            [Content-Type] => application/json
                            [X-WC-Webhook-Source] => https://mrmaks.eu/hr/
                            [X-WC-Webhook-Topic] => order.updated
                            [X-WC-Webhook-Resource] => order
                            [X-WC-Webhook-Event] => updated
                            [X-WC-Webhook-Signature] => ryO4t3FDoIYeHQtZJLs+76qox2I9kxGwOD36sLUqtNs=
                            [X-WC-Webhook-ID] => 5
                            [X-WC-Webhook-Delivery-ID] => e1e84153f5b6ee2aad79a902e420f528
                        )

                )

            [Body] => Webhook body is not logged unless WP_DEBUG mode is turned on. This is to avoid the storing of personal data in the logs.
            [Response] => Array
                (
                    [Code] => 200
                    [Message] => OK
                    [Headers] => Requests_Utility_CaseInsensitiveDictionary Object
                        (
                            [data:protected] => Array
                                (
                                    [content-type] => text/html; charset=utf-8
                                    [date] => Wed, 27 Jan 2021 09:28:07 GMT
                                    [server] => nginx
                                    [vary] => Cookie
                                    [content-length] => 1
                                )

                        )

                    [Body] => Webhook body is not logged unless WP_DEBUG mode is turned on. This is to avoid the storing of personal data in the logs.
                )

        )

)

2021-01-27T10:29:20+00:00 INFO Array
(
    [Webhook Delivery] => Array
        (
            [Delivery ID] => b695b10d1af8142d06007e81cb7d6803
            [Date] => sij 27, 2021 @ 10:29
            [URL] => https://a.klaviyo.com/api/webhook/integration/woocommerce?c=Sgzjtc
            [Duration] => 0.69504
            [Request] => Array
                (
                    [Method] => POST
                    [Headers] => Array
                        (
                            [User-Agent] => WooCommerce/3.8.1 Hookshot (WordPress/5.3.4)
                            [Content-Type] => application/json
                            [X-WC-Webhook-Source] => https://mrmaks.eu/hr/
                            [X-WC-Webhook-Topic] => order.created
                            [X-WC-Webhook-Resource] => order
                            [X-WC-Webhook-Event] => created
                            [X-WC-Webhook-Signature] => 4CesPRHs/aABrCR074CM35C4NzyfrXNnpZemNTksLiw=
                            [X-WC-Webhook-ID] => 6
                            [X-WC-Webhook-Delivery-ID] => b695b10d1af8142d06007e81cb7d6803
                        )

                )

            [Body] => Webhook body is not logged unless WP_DEBUG mode is turned on. This is to avoid the storing of personal data in the logs.
            [Response] => Array
                (
                    [Code] => 200
                    [Message] => OK
                    [Headers] => Requests_Utility_CaseInsensitiveDictionary Object
                        (
                            [data:protected] => Array
                                (
                                    [content-type] => text/html; charset=utf-8
                                    [date] => Wed, 27 Jan 2021 10:29:21 GMT
                                    [server] => nginx
                                    [vary] => Cookie
                                    [content-length] => 1
                                )

                        )

                    [Body] => Webhook body is not logged unless WP_DEBUG mode is turned on. This is to avoid the storing of personal data in the logs.
                )

        )

)

2021-01-27T10:29:20+00:00 INFO Array
(
    [Webhook Delivery] => Array
        (
            [Delivery ID] => df92c2b09d90580e3c5512f80dabb885
            [Date] => sij 27, 2021 @ 10:29
            [URL] => https://a.klaviyo.com/api/webhook/integration/woocommerce?c=Sgzjtc
            [Duration] => 0.46421
            [Request] => Array
                (
                    [Method] => POST
                    [Headers] => Array
                        (
                            [User-Agent] => WooCommerce/3.8.1 Hookshot (WordPress/5.3.4)
                            [Content-Type] => application/json
                            [X-WC-Webhook-Source] => https://mrmaks.eu/hr/
                            [X-WC-Webhook-Topic] => order.updated
                            [X-WC-Webhook-Resource] => order
                            [X-WC-Webhook-Event] => updated
                            [X-WC-Webhook-Signature] => 4CesPRHs/aABrCR074CM35C4NzyfrXNnpZemNTksLiw=
                            [X-WC-Webhook-ID] => 5
                            [X-WC-Webhook-Delivery-ID] => df92c2b09d90580e3c5512f80dabb885
                        )

                )

            [Body] => Webhook body is not logged unless WP_DEBUG mode is turned on. This is to avoid the storing of personal data in the logs.
            [Response] => Array
                (
                    [Code] => 200
                    [Message] => OK
                    [Headers] => Requests_Utility_CaseInsensitiveDictionary Object
                        (
                            [data:protected] => Array
                                (
                                    [content-type] => text/html; charset=utf-8
                                    [date] => Wed, 27 Jan 2021 10:29:22 GMT
                                    [server] => nginx
                                    [vary] => Cookie
                                    [content-length] => 1
                                )

                        )

                    [Body] => Webhook body is not logged unless WP_DEBUG mode is turned on. This is to avoid the storing of personal data in the logs.
                )

        )

)

2021-01-27T15:11:53+00:00 INFO Array
(
    [Webhook Delivery] => Array
        (
            [Delivery ID] => a9a5c8b977c39b02630a548200e020c0
            [Date] => sij 27, 2021 @ 15:11
            [URL] => https://a.klaviyo.com/api/webhook/integration/woocommerce?c=Sgzjtc
            [Duration] => 0.76389
            [Request] => Array
                (
                    [Method] => POST
                    [Headers] => Array
                        (
                            [User-Agent] => WooCommerce/3.8.1 Hookshot (WordPress/5.3.4)
                            [Content-Type] => application/json
                            [X-WC-Webhook-Source] => https://mrmaks.eu/hr/
                            [X-WC-Webhook-Topic] => product.updated
                            [X-WC-Webhook-Resource] => product
                            [X-WC-Webhook-Event] => updated
                            [X-WC-Webhook-Signature] => pTm9zfaKBsM4ySBe784Y5BolMV1nGrlF99ceSAZcSa4=
                            [X-WC-Webhook-ID] => 7
                            [X-WC-Webhook-Delivery-ID] => a9a5c8b977c39b02630a548200e020c0
                        )

                )

            [Body] => Webhook body is not logged unless WP_DEBUG mode is turned on. This is to avoid the storing of personal data in the logs.
            [Response] => Array
                (
                    [Code] => 200
                    [Message] => OK
                    [Headers] => Requests_Utility_CaseInsensitiveDictionary Object
                        (
                            [data:protected] => Array
                                (
                                    [content-type] => text/html; charset=utf-8
                                    [date] => Wed, 27 Jan 2021 15:11:55 GMT
                                    [server] => nginx
                                    [vary] => Cookie
                                    [content-length] => 1
                                )

                        )

                    [Body] => Webhook body is not logged unless WP_DEBUG mode is turned on. This is to avoid the storing of personal data in the logs.
                )

        )

)

2021-01-27T15:25:54+00:00 INFO Array
(
    [Webhook Delivery] => Array
        (
            [Delivery ID] => 039710b90aaa685cc097a7229eba68f2
            [Date] => sij 27, 2021 @ 15:25
            [URL] => https://a.klaviyo.com/api/webhook/integration/woocommerce?c=Sgzjtc
            [Duration] => 0.84953
            [Request] => Array
                (
                    [Method] => POST
                    [Headers] => Array
                        (
                            [User-Agent] => WooCommerce/3.8.1 Hookshot (WordPress/5.3.4)
                            [Content-Type] => application/json
                            [X-WC-Webhook-Source] => https://mrmaks.eu/hr/
                            [X-WC-Webhook-Topic] => product.updated
                            [X-WC-Webhook-Resource] => product
                            [X-WC-Webhook-Event] => updated
                            [X-WC-Webhook-Signature] => wadQLvrW34NqUkXvv0lrEsfO80PyZowZsIm0aHNffxA=
                            [X-WC-Webhook-ID] => 7
                            [X-WC-Webhook-Delivery-ID] => 039710b90aaa685cc097a7229eba68f2
                        )

                )

            [Body] => Webhook body is not logged unless WP_DEBUG mode is turned on. This is to avoid the storing of personal data in the logs.
            [Response] => Array
                (
                    [Code] => 200
                    [Message] => OK
                    [Headers] => Requests_Utility_CaseInsensitiveDictionary Object
                        (
                            [data:protected] => Array
                                (
                                    [content-type] => text/html; charset=utf-8
                                    [date] => Wed, 27 Jan 2021 15:25:55 GMT
                                    [server] => nginx
                                    [vary] => Cookie
                                    [content-length] => 1
                                )

                        )

                    [Body] => Webhook body is not logged unless WP_DEBUG mode is turned on. This is to avoid the storing of personal data in the logs.
                )

        )

)

2021-01-27T15:35:04+00:00 INFO Array
(
    [Webhook Delivery] => Array
        (
            [Delivery ID] => 24c1a6e5f4fe1ac89d0de1939498bb3f
            [Date] => sij 27, 2021 @ 15:35
            [URL] => https://a.klaviyo.com/api/webhook/integration/woocommerce?c=Sgzjtc
            [Duration] => 1.01542
            [Request] => Array
                (
                    [Method] => POST
                    [Headers] => Array
                        (
                            [User-Agent] => WooCommerce/3.8.1 Hookshot (WordPress/5.3.4)
                            [Content-Type] => application/json
                            [X-WC-Webhook-Source] => https://mrmaks.eu/hr/
                            [X-WC-Webhook-Topic] => order.created
                            [X-WC-Webhook-Resource] => order
                            [X-WC-Webhook-Event] => created
                            [X-WC-Webhook-Signature] => XUBOFawSoe6jLILA9+ei9Bfgdn0+CvPkyxRYi3ZrX38=
                            [X-WC-Webhook-ID] => 6
                            [X-WC-Webhook-Delivery-ID] => 24c1a6e5f4fe1ac89d0de1939498bb3f
                        )

                )

            [Body] => Webhook body is not logged unless WP_DEBUG mode is turned on. This is to avoid the storing of personal data in the logs.
            [Response] => Array
                (
                    [Code] => 200
                    [Message] => OK
                    [Headers] => Requests_Utility_CaseInsensitiveDictionary Object
                        (
                            [data:protected] => Array
                                (
                                    [content-type] => text/html; charset=utf-8
                                    [date] => Wed, 27 Jan 2021 15:35:06 GMT
                                    [server] => nginx
                                    [vary] => Cookie
                                    [content-length] => 1
                                )

                        )

                    [Body] => Webhook body is not logged unless WP_DEBUG mode is turned on. This is to avoid the storing of personal data in the logs.
                )

        )

)

2021-01-27T15:35:05+00:00 INFO Array
(
    [Webhook Delivery] => Array
        (
            [Delivery ID] => ea15c6d83a5e6abbdd0c309837e36814
            [Date] => sij 27, 2021 @ 15:35
            [URL] => https://a.klaviyo.com/api/webhook/integration/woocommerce?c=Sgzjtc
            [Duration] => 0.49794
            [Request] => Array
                (
                    [Method] => POST
                    [Headers] => Array
                        (
                            [User-Agent] => WooCommerce/3.8.1 Hookshot (WordPress/5.3.4)
                            [Content-Type] => application/json
                            [X-WC-Webhook-Source] => https://mrmaks.eu/hr/
                            [X-WC-Webhook-Topic] => order.updated
                            [X-WC-Webhook-Resource] => order
                            [X-WC-Webhook-Event] => updated
                            [X-WC-Webhook-Signature] => XUBOFawSoe6jLILA9+ei9Bfgdn0+CvPkyxRYi3ZrX38=
                            [X-WC-Webhook-ID] => 5
                            [X-WC-Webhook-Delivery-ID] => ea15c6d83a5e6abbdd0c309837e36814
                        )

                )

            [Body] => Webhook body is not logged unless WP_DEBUG mode is turned on. This is to avoid the storing of personal data in the logs.
            [Response] => Array
                (
                    [Code] => 200
                    [Message] => OK
                    [Headers] => Requests_Utility_CaseInsensitiveDictionary Object
                        (
                            [data:protected] => Array
                                (
                                    [content-type] => text/html; charset=utf-8
                                    [date] => Wed, 27 Jan 2021 15:35:07 GMT
                                    [server] => nginx
                                    [vary] => Cookie
                                    [content-length] => 1
                                )

                        )

                    [Body] => Webhook body is not logged unless WP_DEBUG mode is turned on. This is to avoid the storing of personal data in the logs.
                )

        )

)

2021-01-27T15:35:06+00:00 INFO Array
(
    [Webhook Delivery] => Array
        (
            [Delivery ID] => 37290374069d4ac1546e8d1799dd72d3
            [Date] => sij 27, 2021 @ 15:35
            [URL] => https://a.klaviyo.com/api/webhook/integration/woocommerce?c=Sgzjtc
            [Duration] => 0.70876
            [Request] => Array
                (
                    [Method] => POST
                    [Headers] => Array
                        (
                            [User-Agent] => WooCommerce/3.8.1 Hookshot (WordPress/5.3.4)
                            [Content-Type] => application/json
                            [X-WC-Webhook-Source] => https://mrmaks.eu/hr/
                            [X-WC-Webhook-Topic] => product.updated
                            [X-WC-Webhook-Resource] => product
                            [X-WC-Webhook-Event] => updated
                            [X-WC-Webhook-Signature] => pQAVgntDk9VVitMu+ui1caWj2qvf+DPQA5YwA9YDIaU=
                            [X-WC-Webhook-ID] => 7
                            [X-WC-Webhook-Delivery-ID] => 37290374069d4ac1546e8d1799dd72d3
                        )

                )

            [Body] => Webhook body is not logged unless WP_DEBUG mode is turned on. This is to avoid the storing of personal data in the logs.
            [Response] => Array
                (
                    [Code] => 200
                    [Message] => OK
                    [Headers] => Requests_Utility_CaseInsensitiveDictionary Object
                        (
                            [data:protected] => Array
                                (
                                    [content-type] => text/html; charset=utf-8
                                    [date] => Wed, 27 Jan 2021 15:35:08 GMT
                                    [server] => nginx
                                    [vary] => Cookie
                                    [content-length] => 1
                                )

                        )

                    [Body] => Webhook body is not logged unless WP_DEBUG mode is turned on. This is to avoid the storing of personal data in the logs.
                )

        )

)

2021-01-27T15:46:07+00:00 INFO Array
(
    [Webhook Delivery] => Array
        (
            [Delivery ID] => 68e30c2a74c158d0d275eff5284fc3fd
            [Date] => sij 27, 2021 @ 15:46
            [URL] => https://a.klaviyo.com/api/webhook/integration/woocommerce?c=Sgzjtc
            [Duration] => 1.00834
            [Request] => Array
                (
                    [Method] => POST
                    [Headers] => Array
                        (
                            [User-Agent] => WooCommerce/3.8.1 Hookshot (WordPress/5.3.4)
                            [Content-Type] => application/json
                            [X-WC-Webhook-Source] => https://mrmaks.eu/hr/
                            [X-WC-Webhook-Topic] => product.updated
                            [X-WC-Webhook-Resource] => product
                            [X-WC-Webhook-Event] => updated
                            [X-WC-Webhook-Signature] => jqOy1pz6EDM6/hUz7b/peqSUMspOmaYAQmKlcS7Awa8=
                            [X-WC-Webhook-ID] => 7
                            [X-WC-Webhook-Delivery-ID] => 68e30c2a74c158d0d275eff5284fc3fd
                        )

                )

            [Body] => Webhook body is not logged unless WP_DEBUG mode is turned on. This is to avoid the storing of personal data in the logs.
            [Response] => Array
                (
                    [Code] => 200
                    [Message] => OK
                    [Headers] => Requests_Utility_CaseInsensitiveDictionary Object
                        (
                            [data:protected] => Array
                                (
                                    [content-type] => text/html; charset=utf-8
                                    [date] => Wed, 27 Jan 2021 15:46:08 GMT
                                    [server] => nginx
                                    [vary] => Cookie
                                    [content-length] => 1
                                )

                        )

                    [Body] => Webhook body is not logged unless WP_DEBUG mode is turned on. This is to avoid the storing of personal data in the logs.
                )

        )

)

2021-01-27T15:52:09+00:00 INFO Array
(
    [Webhook Delivery] => Array
        (
            [Delivery ID] => 7451a4b0087074abf49d218ffe2794d7
            [Date] => sij 27, 2021 @ 15:52
            [URL] => https://a.klaviyo.com/api/webhook/integration/woocommerce?c=Sgzjtc
            [Duration] => 0.885
            [Request] => Array
                (
                    [Method] => POST
                    [Headers] => Array
                        (
                            [User-Agent] => WooCommerce/3.8.1 Hookshot (WordPress/5.3.4)
                            [Content-Type] => application/json
                            [X-WC-Webhook-Source] => https://mrmaks.eu/hr/
                            [X-WC-Webhook-Topic] => product.updated
                            [X-WC-Webhook-Resource] => product
                            [X-WC-Webhook-Event] => updated
                            [X-WC-Webhook-Signature] => WG4t+AAi6I57udeZQGG63v+zNmSI7tIeDOjRkw7eXy4=
                            [X-WC-Webhook-ID] => 7
                            [X-WC-Webhook-Delivery-ID] => 7451a4b0087074abf49d218ffe2794d7
                        )

                )

            [Body] => Webhook body is not logged unless WP_DEBUG mode is turned on. This is to avoid the storing of personal data in the logs.
            [Response] => Array
                (
                    [Code] => 200
                    [Message] => OK
                    [Headers] => Requests_Utility_CaseInsensitiveDictionary Object
                        (
                            [data:protected] => Array
                                (
                                    [content-type] => text/html; charset=utf-8
                                    [date] => Wed, 27 Jan 2021 15:52:10 GMT
                                    [server] => nginx
                                    [vary] => Cookie
                                    [content-length] => 1
                                )

                        )

                    [Body] => Webhook body is not logged unless WP_DEBUG mode is turned on. This is to avoid the storing of personal data in the logs.
                )

        )

)

2021-01-27T16:00:53+00:00 INFO Array
(
    [Webhook Delivery] => Array
        (
            [Delivery ID] => 02775c645d814da3df19e88eeb81a5a4
            [Date] => sij 27, 2021 @ 16:00
            [URL] => https://a.klaviyo.com/api/webhook/integration/woocommerce?c=Sgzjtc
            [Duration] => 0.97322
            [Request] => Array
                (
                    [Method] => POST
                    [Headers] => Array
                        (
                            [User-Agent] => WooCommerce/3.8.1 Hookshot (WordPress/5.3.4)
                            [Content-Type] => application/json
                            [X-WC-Webhook-Source] => https://mrmaks.eu/hr/
                            [X-WC-Webhook-Topic] => product.updated
                            [X-WC-Webhook-Resource] => product
                            [X-WC-Webhook-Event] => updated
                            [X-WC-Webhook-Signature] => dxqyw8JdqYZVZI3Tc7y1ymEQz5DuBclTEb2xyhwjuEQ=
                            [X-WC-Webhook-ID] => 7
                            [X-WC-Webhook-Delivery-ID] => 02775c645d814da3df19e88eeb81a5a4
                        )

                )

            [Body] => Webhook body is not logged unless WP_DEBUG mode is turned on. This is to avoid the storing of personal data in the logs.
            [Response] => Array
                (
                    [Code] => 200
                    [Message] => OK
                    [Headers] => Requests_Utility_CaseInsensitiveDictionary Object
                        (
                            [data:protected] => Array
                                (
                                    [content-type] => text/html; charset=utf-8
                                    [date] => Wed, 27 Jan 2021 16:00:55 GMT
                                    [server] => nginx
                                    [vary] => Cookie
                                    [content-length] => 1
                                )

                        )

                    [Body] => Webhook body is not logged unless WP_DEBUG mode is turned on. This is to avoid the storing of personal data in the logs.
                )

        )

)

2021-01-27T16:05:19+00:00 INFO Array
(
    [Webhook Delivery] => Array
        (
            [Delivery ID] => a8628571ab2e333cdd15b6fe7599c9c1
            [Date] => sij 27, 2021 @ 16:05
            [URL] => https://a.klaviyo.com/api/webhook/integration/woocommerce?c=Sgzjtc
            [Duration] => 1.08224
            [Request] => Array
                (
                    [Method] => POST
                    [Headers] => Array
                        (
                            [User-Agent] => WooCommerce/3.8.1 Hookshot (WordPress/5.3.4)
                            [Content-Type] => application/json
                            [X-WC-Webhook-Source] => https://mrmaks.eu/hr/
                            [X-WC-Webhook-Topic] => product.updated
                            [X-WC-Webhook-Resource] => product
                            [X-WC-Webhook-Event] => updated
                            [X-WC-Webhook-Signature] => YpA/1iM5+axcG9xq2oSbsP1RC9x/ZAG6puo4HA/9EXQ=
                            [X-WC-Webhook-ID] => 7
                            [X-WC-Webhook-Delivery-ID] => a8628571ab2e333cdd15b6fe7599c9c1
                        )

                )

            [Body] => Webhook body is not logged unless WP_DEBUG mode is turned on. This is to avoid the storing of personal data in the logs.
            [Response] => Array
                (
                    [Code] => 200
                    [Message] => OK
                    [Headers] => Requests_Utility_CaseInsensitiveDictionary Object
                        (
                            [data:protected] => Array
                                (
                                    [content-type] => text/html; charset=utf-8
                                    [date] => Wed, 27 Jan 2021 16:05:20 GMT
                                    [server] => nginx
                                    [vary] => Cookie
                                    [content-length] => 1
                                )

                        )

                    [Body] => Webhook body is not logged unless WP_DEBUG mode is turned on. This is to avoid the storing of personal data in the logs.
                )

        )

)

2021-01-27T16:12:04+00:00 INFO Array
(
    [Webhook Delivery] => Array
        (
            [Delivery ID] => ba30cd72eecf2d23e0edc5dce1a7a052
            [Date] => sij 27, 2021 @ 16:12
            [URL] => https://a.klaviyo.com/api/webhook/integration/woocommerce?c=Sgzjtc
            [Duration] => 0.89861
            [Request] => Array
                (
                    [Method] => POST
                    [Headers] => Array
                        (
                            [User-Agent] => WooCommerce/3.8.1 Hookshot (WordPress/5.3.4)
                            [Content-Type] => application/json
                            [X-WC-Webhook-Source] => https://mrmaks.eu/hr/
                            [X-WC-Webhook-Topic] => product.updated
                            [X-WC-Webhook-Resource] => product
                            [X-WC-Webhook-Event] => updated
                            [X-WC-Webhook-Signature] => qkb0RHyp60bz1tQAmnDkNy6YZP0HPl0aMu5z/C1RCiE=
                            [X-WC-Webhook-ID] => 7
                            [X-WC-Webhook-Delivery-ID] => ba30cd72eecf2d23e0edc5dce1a7a052
                        )

                )

            [Body] => Webhook body is not logged unless WP_DEBUG mode is turned on. This is to avoid the storing of personal data in the logs.
            [Response] => Array
                (
                    [Code] => 200
                    [Message] => OK
                    [Headers] => Requests_Utility_CaseInsensitiveDictionary Object
                        (
                            [data:protected] => Array
                                (
                                    [content-type] => text/html; charset=utf-8
                                    [date] => Wed, 27 Jan 2021 16:12:06 GMT
                                    [server] => nginx
                                    [vary] => Cookie
                                    [content-length] => 1
                                )

                        )

                    [Body] => Webhook body is not logged unless WP_DEBUG mode is turned on. This is to avoid the storing of personal data in the logs.
                )

        )

)

2021-01-27T18:20:21+00:00 INFO Array
(
    [Webhook Delivery] => Array
        (
            [Delivery ID] => a816ab9fa8eb11d458ac987dd4ad6d3d
            [Date] => sij 27, 2021 @ 18:20
            [URL] => https://a.klaviyo.com/api/webhook/integration/woocommerce?c=Sgzjtc
            [Duration] => 0.78188
            [Request] => Array
                (
                    [Method] => POST
                    [Headers] => Array
                        (
                            [User-Agent] => WooCommerce/3.8.1 Hookshot (WordPress/5.3.4)
                            [Content-Type] => application/json
                            [X-WC-Webhook-Source] => https://mrmaks.eu/hr/
                            [X-WC-Webhook-Topic] => order.created
                            [X-WC-Webhook-Resource] => order
                            [X-WC-Webhook-Event] => created
                            [X-WC-Webhook-Signature] => cfkHevMq4MTcFFFbE7K6hTS1qMgll0KrlOBZvK+38VE=
                            [X-WC-Webhook-ID] => 6
                            [X-WC-Webhook-Delivery-ID] => a816ab9fa8eb11d458ac987dd4ad6d3d
                        )

                )

            [Body] => Webhook body is not logged unless WP_DEBUG mode is turned on. This is to avoid the storing of personal data in the logs.
            [Response] => Array
                (
                    [Code] => 200
                    [Message] => OK
                    [Headers] => Requests_Utility_CaseInsensitiveDictionary Object
                        (
                            [data:protected] => Array
                                (
                                    [content-type] => text/html; charset=utf-8
                                    [date] => Wed, 27 Jan 2021 18:20:23 GMT
                                    [server] => nginx
                                    [vary] => Cookie
                                    [content-length] => 1
                                )

                        )

                    [Body] => Webhook body is not logged unless WP_DEBUG mode is turned on. This is to avoid the storing of personal data in the logs.
                )

        )

)

2021-01-27T18:20:22+00:00 INFO Array
(
    [Webhook Delivery] => Array
        (
            [Delivery ID] => 87001425dd5cba2336b681e9eae65e3d
            [Date] => sij 27, 2021 @ 18:20
            [URL] => https://a.klaviyo.com/api/webhook/integration/woocommerce?c=Sgzjtc
            [Duration] => 0.46827
            [Request] => Array
                (
                    [Method] => POST
                    [Headers] => Array
                        (
                            [User-Agent] => WooCommerce/3.8.1 Hookshot (WordPress/5.3.4)
                            [Content-Type] => application/json
                            [X-WC-Webhook-Source] => https://mrmaks.eu/hr/
                            [X-WC-Webhook-Topic] => order.updated
                            [X-WC-Webhook-Resource] => order
                            [X-WC-Webhook-Event] => updated
                            [X-WC-Webhook-Signature] => cfkHevMq4MTcFFFbE7K6hTS1qMgll0KrlOBZvK+38VE=
                            [X-WC-Webhook-ID] => 5
                            [X-WC-Webhook-Delivery-ID] => 87001425dd5cba2336b681e9eae65e3d
                        )

                )

            [Body] => Webhook body is not logged unless WP_DEBUG mode is turned on. This is to avoid the storing of personal data in the logs.
            [Response] => Array
                (
                    [Code] => 200
                    [Message] => OK
                    [Headers] => Requests_Utility_CaseInsensitiveDictionary Object
                        (
                            [data:protected] => Array
                                (
                                    [content-type] => text/html; charset=utf-8
                                    [date] => Wed, 27 Jan 2021 18:20:23 GMT
                                    [server] => nginx
                                    [vary] => Cookie
                                    [content-length] => 1
                                )

                        )

                    [Body] => Webhook body is not logged unless WP_DEBUG mode is turned on. This is to avoid the storing of personal data in the logs.
                )

        )

)

2021-01-27T18:20:23+00:00 INFO Array
(
    [Webhook Delivery] => Array
        (
            [Delivery ID] => 21afed9ee4b4781335a248d5aee53874
            [Date] => sij 27, 2021 @ 18:20
            [URL] => https://a.klaviyo.com/api/webhook/integration/woocommerce?c=Sgzjtc
            [Duration] => 0.48655
            [Request] => Array
                (
                    [Method] => POST
                    [Headers] => Array
                        (
                            [User-Agent] => WooCommerce/3.8.1 Hookshot (WordPress/5.3.4)
                            [Content-Type] => application/json
                            [X-WC-Webhook-Source] => https://mrmaks.eu/hr/
                            [X-WC-Webhook-Topic] => order.updated
                            [X-WC-Webhook-Resource] => order
                            [X-WC-Webhook-Event] => updated
                            [X-WC-Webhook-Signature] => cfkHevMq4MTcFFFbE7K6hTS1qMgll0KrlOBZvK+38VE=
                            [X-WC-Webhook-ID] => 5
                            [X-WC-Webhook-Delivery-ID] => 21afed9ee4b4781335a248d5aee53874
                        )

                )

            [Body] => Webhook body is not logged unless WP_DEBUG mode is turned on. This is to avoid the storing of personal data in the logs.
            [Response] => Array
                (
                    [Code] => 200
                    [Message] => OK
                    [Headers] => Requests_Utility_CaseInsensitiveDictionary Object
                        (
                            [data:protected] => Array
                                (
                                    [content-type] => text/html; charset=utf-8
                                    [date] => Wed, 27 Jan 2021 18:20:24 GMT
                                    [server] => nginx
                                    [vary] => Cookie
                                    [content-length] => 1
                                )

                        )

                    [Body] => Webhook body is not logged unless WP_DEBUG mode is turned on. This is to avoid the storing of personal data in the logs.
                )

        )

)

2021-01-27T18:59:37+00:00 INFO Array
(
    [Webhook Delivery] => Array
        (
            [Delivery ID] => 1b2d7df6857d0907ae4def0f69c2ac67
            [Date] => sij 27, 2021 @ 18:59
            [URL] => https://a.klaviyo.com/api/webhook/integration/woocommerce?c=Sgzjtc
            [Duration] => 0.82084
            [Request] => Array
                (
                    [Method] => POST
                    [Headers] => Array
                        (
                            [User-Agent] => WooCommerce/3.8.1 Hookshot (WordPress/5.3.4)
                            [Content-Type] => application/json
                            [X-WC-Webhook-Source] => https://mrmaks.eu/hr/
                            [X-WC-Webhook-Topic] => order.created
                            [X-WC-Webhook-Resource] => order
                            [X-WC-Webhook-Event] => created
                            [X-WC-Webhook-Signature] => 9fe/hbAuXjlyxqKlTi2PE90fzuYpu99OcBeSW2oa9J8=
                            [X-WC-Webhook-ID] => 6
                            [X-WC-Webhook-Delivery-ID] => 1b2d7df6857d0907ae4def0f69c2ac67
                        )

                )

            [Body] => Webhook body is not logged unless WP_DEBUG mode is turned on. This is to avoid the storing of personal data in the logs.
            [Response] => Array
                (
                    [Code] => 200
                    [Message] => OK
                    [Headers] => Requests_Utility_CaseInsensitiveDictionary Object
                        (
                            [data:protected] => Array
                                (
                                    [content-type] => text/html; charset=utf-8
                                    [date] => Wed, 27 Jan 2021 18:59:38 GMT
                                    [server] => nginx
                                    [vary] => Cookie
                                    [content-length] => 1
                                )

                        )

                    [Body] => Webhook body is not logged unless WP_DEBUG mode is turned on. This is to avoid the storing of personal data in the logs.
                )

        )

)

2021-01-27T18:59:37+00:00 INFO Array
(
    [Webhook Delivery] => Array
        (
            [Delivery ID] => 3779ab451cc0ac7307810b6c8bc1cbc6
            [Date] => sij 27, 2021 @ 18:59
            [URL] => https://a.klaviyo.com/api/webhook/integration/woocommerce?c=Sgzjtc
            [Duration] => 0.46379
            [Request] => Array
                (
                    [Method] => POST
                    [Headers] => Array
                        (
                            [User-Agent] => WooCommerce/3.8.1 Hookshot (WordPress/5.3.4)
                            [Content-Type] => application/json
                            [X-WC-Webhook-Source] => https://mrmaks.eu/hr/
                            [X-WC-Webhook-Topic] => order.updated
                            [X-WC-Webhook-Resource] => order
                            [X-WC-Webhook-Event] => updated
                            [X-WC-Webhook-Signature] => 9fe/hbAuXjlyxqKlTi2PE90fzuYpu99OcBeSW2oa9J8=
                            [X-WC-Webhook-ID] => 5
                            [X-WC-Webhook-Delivery-ID] => 3779ab451cc0ac7307810b6c8bc1cbc6
                        )

                )

            [Body] => Webhook body is not logged unless WP_DEBUG mode is turned on. This is to avoid the storing of personal data in the logs.
            [Response] => Array
                (
                    [Code] => 200
                    [Message] => OK
                    [Headers] => Requests_Utility_CaseInsensitiveDictionary Object
                        (
                            [data:protected] => Array
                                (
                                    [content-type] => text/html; charset=utf-8
                                    [date] => Wed, 27 Jan 2021 18:59:39 GMT
                                    [server] => nginx
                                    [vary] => Cookie
                                    [content-length] => 1
                                )

                        )

                    [Body] => Webhook body is not logged unless WP_DEBUG mode is turned on. This is to avoid the storing of personal data in the logs.
                )

        )

)

2021-01-27T19:16:22+00:00 INFO Array
(
    [Webhook Delivery] => Array
        (
            [Delivery ID] => c5d67f28561aac1c1d96dd26a1a35794
            [Date] => sij 27, 2021 @ 19:16
            [URL] => https://a.klaviyo.com/api/webhook/integration/woocommerce?c=Sgzjtc
            [Duration] => 0.80603
            [Request] => Array
                (
                    [Method] => POST
                    [Headers] => Array
                        (
                            [User-Agent] => WooCommerce/3.8.1 Hookshot (WordPress/5.3.4)
                            [Content-Type] => application/json
                            [X-WC-Webhook-Source] => https://mrmaks.eu/hr/
                            [X-WC-Webhook-Topic] => order.created
                            [X-WC-Webhook-Resource] => order
                            [X-WC-Webhook-Event] => created
                            [X-WC-Webhook-Signature] => SE5YRde3vVdGejr/wL6If9BLXLIJr9S0JWZzTohjrsM=
                            [X-WC-Webhook-ID] => 6
                            [X-WC-Webhook-Delivery-ID] => c5d67f28561aac1c1d96dd26a1a35794
                        )

                )

            [Body] => Webhook body is not logged unless WP_DEBUG mode is turned on. This is to avoid the storing of personal data in the logs.
            [Response] => Array
                (
                    [Code] => 200
                    [Message] => OK
                    [Headers] => Requests_Utility_CaseInsensitiveDictionary Object
                        (
                            [data:protected] => Array
                                (
                                    [content-type] => text/html; charset=utf-8
                                    [date] => Wed, 27 Jan 2021 19:16:23 GMT
                                    [server] => nginx
                                    [vary] => Cookie
                                    [content-length] => 1
                                )

                        )

                    [Body] => Webhook body is not logged unless WP_DEBUG mode is turned on. This is to avoid the storing of personal data in the logs.
                )

        )

)

2021-01-27T19:16:22+00:00 INFO Array
(
    [Webhook Delivery] => Array
        (
            [Delivery ID] => 8b32f71407b0f69bb64e0a5b3184e380
            [Date] => sij 27, 2021 @ 19:16
            [URL] => https://a.klaviyo.com/api/webhook/integration/woocommerce?c=Sgzjtc
            [Duration] => 0.49818
            [Request] => Array
                (
                    [Method] => POST
                    [Headers] => Array
                        (
                            [User-Agent] => WooCommerce/3.8.1 Hookshot (WordPress/5.3.4)
                            [Content-Type] => application/json
                            [X-WC-Webhook-Source] => https://mrmaks.eu/hr/
                            [X-WC-Webhook-Topic] => order.updated
                            [X-WC-Webhook-Resource] => order
                            [X-WC-Webhook-Event] => updated
                            [X-WC-Webhook-Signature] => SE5YRde3vVdGejr/wL6If9BLXLIJr9S0JWZzTohjrsM=
                            [X-WC-Webhook-ID] => 5
                            [X-WC-Webhook-Delivery-ID] => 8b32f71407b0f69bb64e0a5b3184e380
                        )

                )

            [Body] => Webhook body is not logged unless WP_DEBUG mode is turned on. This is to avoid the storing of personal data in the logs.
            [Response] => Array
                (
                    [Code] => 200
                    [Message] => OK
                    [Headers] => Requests_Utility_CaseInsensitiveDictionary Object
                        (
                            [data:protected] => Array
                                (
                                    [content-type] => text/html; charset=utf-8
                                    [date] => Wed, 27 Jan 2021 19:16:24 GMT
                                    [server] => nginx
                                    [vary] => Cookie
                                    [content-length] => 1
                                )

                        )

                    [Body] => Webhook body is not logged unless WP_DEBUG mode is turned on. This is to avoid the storing of personal data in the logs.
                )

        )

)

2021-01-27T19:30:14+00:00 INFO Array
(
    [Webhook Delivery] => Array
        (
            [Delivery ID] => f9bd4ce74c4445b0d725aa9580894dcf
            [Date] => sij 27, 2021 @ 19:30
            [URL] => https://a.klaviyo.com/api/webhook/integration/woocommerce?c=Sgzjtc
            [Duration] => 0.96332
            [Request] => Array
                (
                    [Method] => POST
                    [Headers] => Array
                        (
                            [User-Agent] => WooCommerce/3.8.1 Hookshot (WordPress/5.3.4)
                            [Content-Type] => application/json
                            [X-WC-Webhook-Source] => https://mrmaks.eu/hr/
                            [X-WC-Webhook-Topic] => order.created
                            [X-WC-Webhook-Resource] => order
                            [X-WC-Webhook-Event] => created
                            [X-WC-Webhook-Signature] => M/3L4uTSzZGWTDZqrxDfjg2PAlg3hLB61lEoddscS3w=
                            [X-WC-Webhook-ID] => 6
                            [X-WC-Webhook-Delivery-ID] => f9bd4ce74c4445b0d725aa9580894dcf
                        )

                )

            [Body] => Webhook body is not logged unless WP_DEBUG mode is turned on. This is to avoid the storing of personal data in the logs.
            [Response] => Array
                (
                    [Code] => 200
                    [Message] => OK
                    [Headers] => Requests_Utility_CaseInsensitiveDictionary Object
                        (
                            [data:protected] => Array
                                (
                                    [content-type] => text/html; charset=utf-8
                                    [date] => Wed, 27 Jan 2021 19:30:16 GMT
                                    [server] => nginx
                                    [vary] => Cookie
                                    [content-length] => 1
                                )

                        )

                    [Body] => Webhook body is not logged unless WP_DEBUG mode is turned on. This is to avoid the storing of personal data in the logs.
                )

        )

)

2021-01-27T19:30:15+00:00 INFO Array
(
    [Webhook Delivery] => Array
        (
            [Delivery ID] => 2c59c3c6c73cfd11c4af9e75f192f7a2
            [Date] => sij 27, 2021 @ 19:30
            [URL] => https://a.klaviyo.com/api/webhook/integration/woocommerce?c=Sgzjtc
            [Duration] => 0.50049
            [Request] => Array
                (
                    [Method] => POST
                    [Headers] => Array
                        (
                            [User-Agent] => WooCommerce/3.8.1 Hookshot (WordPress/5.3.4)
                            [Content-Type] => application/json
                            [X-WC-Webhook-Source] => https://mrmaks.eu/hr/
                            [X-WC-Webhook-Topic] => order.updated
                            [X-WC-Webhook-Resource] => order
                            [X-WC-Webhook-Event] => updated
                            [X-WC-Webhook-Signature] => M/3L4uTSzZGWTDZqrxDfjg2PAlg3hLB61lEoddscS3w=
                            [X-WC-Webhook-ID] => 5
                            [X-WC-Webhook-Delivery-ID] => 2c59c3c6c73cfd11c4af9e75f192f7a2
                        )

                )

            [Body] => Webhook body is not logged unless WP_DEBUG mode is turned on. This is to avoid the storing of personal data in the logs.
            [Response] => Array
                (
                    [Code] => 200
                    [Message] => OK
                    [Headers] => Requests_Utility_CaseInsensitiveDictionary Object
                        (
                            [data:protected] => Array
                                (
                                    [content-type] => text/html; charset=utf-8
                                    [date] => Wed, 27 Jan 2021 19:30:16 GMT
                                    [server] => nginx
                                    [vary] => Cookie
                                    [content-length] => 1
                                )

                        )

                    [Body] => Webhook body is not logged unless WP_DEBUG mode is turned on. This is to avoid the storing of personal data in the logs.
                )

        )

)

