2021-02-08T05:51:42+00:00 INFO Array
(
    [Webhook Delivery] => Array
        (
            [Delivery ID] => c640719ff36d9f6a92dce001f237aeb2
            [Date] => velj 8, 2021 @ 5:51
            [URL] => https://a.klaviyo.com/api/webhook/integration/woocommerce?c=Sgzjtc
            [Duration] => 0.65072
            [Request] => Array
                (
                    [Method] => POST
                    [Headers] => Array
                        (
                            [User-Agent] => WooCommerce/3.8.1 Hookshot (WordPress/5.3.4)
                            [Content-Type] => application/json
                            [X-WC-Webhook-Source] => https://mrmaks.eu/hr/
                            [X-WC-Webhook-Topic] => order.created
                            [X-WC-Webhook-Resource] => order
                            [X-WC-Webhook-Event] => created
                            [X-WC-Webhook-Signature] => cmQdVkLYplfKUIE5zPKdwpqqkZQj8J8q6TIppkqpBMk=
                            [X-WC-Webhook-ID] => 6
                            [X-WC-Webhook-Delivery-ID] => c640719ff36d9f6a92dce001f237aeb2
                        )

                )

            [Body] => Webhook body is not logged unless WP_DEBUG mode is turned on. This is to avoid the storing of personal data in the logs.
            [Response] => Array
                (
                    [Code] => 200
                    [Message] => OK
                    [Headers] => Requests_Utility_CaseInsensitiveDictionary Object
                        (
                            [data:protected] => Array
                                (
                                    [content-type] => text/html; charset=utf-8
                                    [date] => Mon, 08 Feb 2021 05:51:42 GMT
                                    [server] => nginx
                                    [vary] => Cookie
                                    [content-length] => 1
                                )

                        )

                    [Body] => Webhook body is not logged unless WP_DEBUG mode is turned on. This is to avoid the storing of personal data in the logs.
                )

        )

)

2021-02-08T05:51:43+00:00 INFO Array
(
    [Webhook Delivery] => Array
        (
            [Delivery ID] => 0fd8173d1c0f58bfc6fd788a2554d623
            [Date] => velj 8, 2021 @ 5:51
            [URL] => https://a.klaviyo.com/api/webhook/integration/woocommerce?c=Sgzjtc
            [Duration] => 0.46637
            [Request] => Array
                (
                    [Method] => POST
                    [Headers] => Array
                        (
                            [User-Agent] => WooCommerce/3.8.1 Hookshot (WordPress/5.3.4)
                            [Content-Type] => application/json
                            [X-WC-Webhook-Source] => https://mrmaks.eu/hr/
                            [X-WC-Webhook-Topic] => order.updated
                            [X-WC-Webhook-Resource] => order
                            [X-WC-Webhook-Event] => updated
                            [X-WC-Webhook-Signature] => cmQdVkLYplfKUIE5zPKdwpqqkZQj8J8q6TIppkqpBMk=
                            [X-WC-Webhook-ID] => 5
                            [X-WC-Webhook-Delivery-ID] => 0fd8173d1c0f58bfc6fd788a2554d623
                        )

                )

            [Body] => Webhook body is not logged unless WP_DEBUG mode is turned on. This is to avoid the storing of personal data in the logs.
            [Response] => Array
                (
                    [Code] => 200
                    [Message] => OK
                    [Headers] => Requests_Utility_CaseInsensitiveDictionary Object
                        (
                            [data:protected] => Array
                                (
                                    [content-type] => text/html; charset=utf-8
                                    [date] => Mon, 08 Feb 2021 05:51:43 GMT
                                    [server] => nginx
                                    [vary] => Cookie
                                    [content-length] => 1
                                )

                        )

                    [Body] => Webhook body is not logged unless WP_DEBUG mode is turned on. This is to avoid the storing of personal data in the logs.
                )

        )

)

2021-02-08T08:21:54+00:00 INFO Array
(
    [Webhook Delivery] => Array
        (
            [Delivery ID] => 6f68e6c40751d78b177550259d8bef61
            [Date] => velj 8, 2021 @ 8:21
            [URL] => https://a.klaviyo.com/api/webhook/integration/woocommerce?c=Sgzjtc
            [Duration] => 0.66038
            [Request] => Array
                (
                    [Method] => POST
                    [Headers] => Array
                        (
                            [User-Agent] => WooCommerce/3.8.1 Hookshot (WordPress/5.3.4)
                            [Content-Type] => application/json
                            [X-WC-Webhook-Source] => https://mrmaks.eu/hr/
                            [X-WC-Webhook-Topic] => order.created
                            [X-WC-Webhook-Resource] => order
                            [X-WC-Webhook-Event] => created
                            [X-WC-Webhook-Signature] => 2rvMN2g6eCM82ExRA8EE+JSkkDzQjPhUi0wTArPv4uo=
                            [X-WC-Webhook-ID] => 6
                            [X-WC-Webhook-Delivery-ID] => 6f68e6c40751d78b177550259d8bef61
                        )

                )

            [Body] => Webhook body is not logged unless WP_DEBUG mode is turned on. This is to avoid the storing of personal data in the logs.
            [Response] => Array
                (
                    [Code] => 200
                    [Message] => OK
                    [Headers] => Requests_Utility_CaseInsensitiveDictionary Object
                        (
                            [data:protected] => Array
                                (
                                    [content-type] => text/html; charset=utf-8
                                    [date] => Mon, 08 Feb 2021 08:21:54 GMT
                                    [server] => nginx
                                    [vary] => Cookie
                                    [content-length] => 1
                                )

                        )

                    [Body] => Webhook body is not logged unless WP_DEBUG mode is turned on. This is to avoid the storing of personal data in the logs.
                )

        )

)

2021-02-08T08:21:55+00:00 INFO Array
(
    [Webhook Delivery] => Array
        (
            [Delivery ID] => b0be593eb868cea7c1a76f884219f867
            [Date] => velj 8, 2021 @ 8:21
            [URL] => https://a.klaviyo.com/api/webhook/integration/woocommerce?c=Sgzjtc
            [Duration] => 0.45924
            [Request] => Array
                (
                    [Method] => POST
                    [Headers] => Array
                        (
                            [User-Agent] => WooCommerce/3.8.1 Hookshot (WordPress/5.3.4)
                            [Content-Type] => application/json
                            [X-WC-Webhook-Source] => https://mrmaks.eu/hr/
                            [X-WC-Webhook-Topic] => order.updated
                            [X-WC-Webhook-Resource] => order
                            [X-WC-Webhook-Event] => updated
                            [X-WC-Webhook-Signature] => 2rvMN2g6eCM82ExRA8EE+JSkkDzQjPhUi0wTArPv4uo=
                            [X-WC-Webhook-ID] => 5
                            [X-WC-Webhook-Delivery-ID] => b0be593eb868cea7c1a76f884219f867
                        )

                )

            [Body] => Webhook body is not logged unless WP_DEBUG mode is turned on. This is to avoid the storing of personal data in the logs.
            [Response] => Array
                (
                    [Code] => 200
                    [Message] => OK
                    [Headers] => Requests_Utility_CaseInsensitiveDictionary Object
                        (
                            [data:protected] => Array
                                (
                                    [content-type] => text/html; charset=utf-8
                                    [date] => Mon, 08 Feb 2021 08:21:55 GMT
                                    [server] => nginx
                                    [vary] => Cookie
                                    [content-length] => 1
                                )

                        )

                    [Body] => Webhook body is not logged unless WP_DEBUG mode is turned on. This is to avoid the storing of personal data in the logs.
                )

        )

)

2021-02-08T09:21:59+00:00 INFO Array
(
    [Webhook Delivery] => Array
        (
            [Delivery ID] => 2fdc0980c1165a6b70e0b75816244a34
            [Date] => velj 8, 2021 @ 9:21
            [URL] => https://a.klaviyo.com/api/webhook/integration/woocommerce?c=Sgzjtc
            [Duration] => 0.66445
            [Request] => Array
                (
                    [Method] => POST
                    [Headers] => Array
                        (
                            [User-Agent] => WooCommerce/3.8.1 Hookshot (WordPress/5.3.4)
                            [Content-Type] => application/json
                            [X-WC-Webhook-Source] => https://mrmaks.eu/hr/
                            [X-WC-Webhook-Topic] => order.updated
                            [X-WC-Webhook-Resource] => order
                            [X-WC-Webhook-Event] => updated
                            [X-WC-Webhook-Signature] => D5D3GsKYp2ZnKij62NCOD0AsyBwB/Qxi+MYUB2T1dJg=
                            [X-WC-Webhook-ID] => 5
                            [X-WC-Webhook-Delivery-ID] => 2fdc0980c1165a6b70e0b75816244a34
                        )

                )

            [Body] => Webhook body is not logged unless WP_DEBUG mode is turned on. This is to avoid the storing of personal data in the logs.
            [Response] => Array
                (
                    [Code] => 200
                    [Message] => OK
                    [Headers] => Requests_Utility_CaseInsensitiveDictionary Object
                        (
                            [data:protected] => Array
                                (
                                    [content-type] => text/html; charset=utf-8
                                    [date] => Mon, 08 Feb 2021 09:21:59 GMT
                                    [server] => nginx
                                    [vary] => Cookie
                                    [content-length] => 1
                                )

                        )

                    [Body] => Webhook body is not logged unless WP_DEBUG mode is turned on. This is to avoid the storing of personal data in the logs.
                )

        )

)

2021-02-08T09:53:35+00:00 INFO Array
(
    [Webhook Delivery] => Array
        (
            [Delivery ID] => c24e4fc5c6dbfd12840cd7a0e11d8a7b
            [Date] => velj 8, 2021 @ 9:53
            [URL] => https://a.klaviyo.com/api/webhook/integration/woocommerce?c=Sgzjtc
            [Duration] => 0.6636
            [Request] => Array
                (
                    [Method] => POST
                    [Headers] => Array
                        (
                            [User-Agent] => WooCommerce/3.8.1 Hookshot (WordPress/5.3.4)
                            [Content-Type] => application/json
                            [X-WC-Webhook-Source] => https://mrmaks.eu/hr/
                            [X-WC-Webhook-Topic] => order.created
                            [X-WC-Webhook-Resource] => order
                            [X-WC-Webhook-Event] => created
                            [X-WC-Webhook-Signature] => UjftbUgfwx+8RrkuZ0xwCxYCcDNhoPm1KBFyezw3KGk=
                            [X-WC-Webhook-ID] => 6
                            [X-WC-Webhook-Delivery-ID] => c24e4fc5c6dbfd12840cd7a0e11d8a7b
                        )

                )

            [Body] => Webhook body is not logged unless WP_DEBUG mode is turned on. This is to avoid the storing of personal data in the logs.
            [Response] => Array
                (
                    [Code] => 200
                    [Message] => OK
                    [Headers] => Requests_Utility_CaseInsensitiveDictionary Object
                        (
                            [data:protected] => Array
                                (
                                    [content-type] => text/html; charset=utf-8
                                    [date] => Mon, 08 Feb 2021 09:53:35 GMT
                                    [server] => nginx
                                    [vary] => Cookie
                                    [content-length] => 1
                                )

                        )

                    [Body] => Webhook body is not logged unless WP_DEBUG mode is turned on. This is to avoid the storing of personal data in the logs.
                )

        )

)

2021-02-08T09:53:36+00:00 INFO Array
(
    [Webhook Delivery] => Array
        (
            [Delivery ID] => 42a9c03679925e4ae5f388d4dd948388
            [Date] => velj 8, 2021 @ 9:53
            [URL] => https://a.klaviyo.com/api/webhook/integration/woocommerce?c=Sgzjtc
            [Duration] => 0.50557
            [Request] => Array
                (
                    [Method] => POST
                    [Headers] => Array
                        (
                            [User-Agent] => WooCommerce/3.8.1 Hookshot (WordPress/5.3.4)
                            [Content-Type] => application/json
                            [X-WC-Webhook-Source] => https://mrmaks.eu/hr/
                            [X-WC-Webhook-Topic] => order.updated
                            [X-WC-Webhook-Resource] => order
                            [X-WC-Webhook-Event] => updated
                            [X-WC-Webhook-Signature] => UjftbUgfwx+8RrkuZ0xwCxYCcDNhoPm1KBFyezw3KGk=
                            [X-WC-Webhook-ID] => 5
                            [X-WC-Webhook-Delivery-ID] => 42a9c03679925e4ae5f388d4dd948388
                        )

                )

            [Body] => Webhook body is not logged unless WP_DEBUG mode is turned on. This is to avoid the storing of personal data in the logs.
            [Response] => Array
                (
                    [Code] => 200
                    [Message] => OK
                    [Headers] => Requests_Utility_CaseInsensitiveDictionary Object
                        (
                            [data:protected] => Array
                                (
                                    [content-type] => text/html; charset=utf-8
                                    [date] => Mon, 08 Feb 2021 09:53:36 GMT
                                    [server] => nginx
                                    [vary] => Cookie
                                    [content-length] => 1
                                )

                        )

                    [Body] => Webhook body is not logged unless WP_DEBUG mode is turned on. This is to avoid the storing of personal data in the logs.
                )

        )

)

2021-02-08T10:10:21+00:00 INFO Array
(
    [Webhook Delivery] => Array
        (
            [Delivery ID] => a6e3e085726301d5d107388f63ae0d1e
            [Date] => velj 8, 2021 @ 10:10
            [URL] => https://a.klaviyo.com/api/webhook/integration/woocommerce?c=Sgzjtc
            [Duration] => 0.66978
            [Request] => Array
                (
                    [Method] => POST
                    [Headers] => Array
                        (
                            [User-Agent] => WooCommerce/3.8.1 Hookshot (WordPress/5.3.4)
                            [Content-Type] => application/json
                            [X-WC-Webhook-Source] => https://mrmaks.eu/hr/
                            [X-WC-Webhook-Topic] => order.created
                            [X-WC-Webhook-Resource] => order
                            [X-WC-Webhook-Event] => created
                            [X-WC-Webhook-Signature] => wnI6PJZp1rEV+fLVj8dE4rljQBU3iAFspVF4rQPeZXg=
                            [X-WC-Webhook-ID] => 6
                            [X-WC-Webhook-Delivery-ID] => a6e3e085726301d5d107388f63ae0d1e
                        )

                )

            [Body] => Webhook body is not logged unless WP_DEBUG mode is turned on. This is to avoid the storing of personal data in the logs.
            [Response] => Array
                (
                    [Code] => 200
                    [Message] => OK
                    [Headers] => Requests_Utility_CaseInsensitiveDictionary Object
                        (
                            [data:protected] => Array
                                (
                                    [content-type] => text/html; charset=utf-8
                                    [date] => Mon, 08 Feb 2021 10:10:21 GMT
                                    [server] => nginx
                                    [vary] => Cookie
                                    [content-length] => 1
                                )

                        )

                    [Body] => Webhook body is not logged unless WP_DEBUG mode is turned on. This is to avoid the storing of personal data in the logs.
                )

        )

)

2021-02-08T10:10:21+00:00 INFO Array
(
    [Webhook Delivery] => Array
        (
            [Delivery ID] => eeec8a5107324b00d3b5b6433246bdaf
            [Date] => velj 8, 2021 @ 10:10
            [URL] => https://a.klaviyo.com/api/webhook/integration/woocommerce?c=Sgzjtc
            [Duration] => 0.47037
            [Request] => Array
                (
                    [Method] => POST
                    [Headers] => Array
                        (
                            [User-Agent] => WooCommerce/3.8.1 Hookshot (WordPress/5.3.4)
                            [Content-Type] => application/json
                            [X-WC-Webhook-Source] => https://mrmaks.eu/hr/
                            [X-WC-Webhook-Topic] => order.updated
                            [X-WC-Webhook-Resource] => order
                            [X-WC-Webhook-Event] => updated
                            [X-WC-Webhook-Signature] => wnI6PJZp1rEV+fLVj8dE4rljQBU3iAFspVF4rQPeZXg=
                            [X-WC-Webhook-ID] => 5
                            [X-WC-Webhook-Delivery-ID] => eeec8a5107324b00d3b5b6433246bdaf
                        )

                )

            [Body] => Webhook body is not logged unless WP_DEBUG mode is turned on. This is to avoid the storing of personal data in the logs.
            [Response] => Array
                (
                    [Code] => 200
                    [Message] => OK
                    [Headers] => Requests_Utility_CaseInsensitiveDictionary Object
                        (
                            [data:protected] => Array
                                (
                                    [content-type] => text/html; charset=utf-8
                                    [date] => Mon, 08 Feb 2021 10:10:21 GMT
                                    [server] => nginx
                                    [vary] => Cookie
                                    [content-length] => 1
                                )

                        )

                    [Body] => Webhook body is not logged unless WP_DEBUG mode is turned on. This is to avoid the storing of personal data in the logs.
                )

        )

)

2021-02-08T10:35:31+00:00 INFO Array
(
    [Webhook Delivery] => Array
        (
            [Delivery ID] => bd9b5beebab8bd5f9cd5d1d384c5947a
            [Date] => velj 8, 2021 @ 10:35
            [URL] => https://a.klaviyo.com/api/webhook/integration/woocommerce?c=Sgzjtc
            [Duration] => 0.7643
            [Request] => Array
                (
                    [Method] => POST
                    [Headers] => Array
                        (
                            [User-Agent] => WooCommerce/3.8.1 Hookshot (WordPress/5.3.4)
                            [Content-Type] => application/json
                            [X-WC-Webhook-Source] => https://mrmaks.eu/hr/
                            [X-WC-Webhook-Topic] => order.updated
                            [X-WC-Webhook-Resource] => order
                            [X-WC-Webhook-Event] => updated
                            [X-WC-Webhook-Signature] => 4KQzsAcRVz4TwhG0dVon+FYqTBjUAst+hXXGwZCUYKA=
                            [X-WC-Webhook-ID] => 5
                            [X-WC-Webhook-Delivery-ID] => bd9b5beebab8bd5f9cd5d1d384c5947a
                        )

                )

            [Body] => Webhook body is not logged unless WP_DEBUG mode is turned on. This is to avoid the storing of personal data in the logs.
            [Response] => Array
                (
                    [Code] => 200
                    [Message] => OK
                    [Headers] => Requests_Utility_CaseInsensitiveDictionary Object
                        (
                            [data:protected] => Array
                                (
                                    [content-type] => text/html; charset=utf-8
                                    [date] => Mon, 08 Feb 2021 10:35:31 GMT
                                    [server] => nginx
                                    [vary] => Cookie
                                    [content-length] => 1
                                )

                        )

                    [Body] => Webhook body is not logged unless WP_DEBUG mode is turned on. This is to avoid the storing of personal data in the logs.
                )

        )

)

2021-02-08T11:41:58+00:00 INFO Array
(
    [Webhook Delivery] => Array
        (
            [Delivery ID] => 8dd951fefa472dea61a9780822ae0687
            [Date] => velj 8, 2021 @ 11:41
            [URL] => https://a.klaviyo.com/api/webhook/integration/woocommerce?c=Sgzjtc
            [Duration] => 0.68639
            [Request] => Array
                (
                    [Method] => POST
                    [Headers] => Array
                        (
                            [User-Agent] => WooCommerce/3.8.1 Hookshot (WordPress/5.3.4)
                            [Content-Type] => application/json
                            [X-WC-Webhook-Source] => https://mrmaks.eu/hr/
                            [X-WC-Webhook-Topic] => order.created
                            [X-WC-Webhook-Resource] => order
                            [X-WC-Webhook-Event] => created
                            [X-WC-Webhook-Signature] => iz/zvKN+SwIATJh1it8yVX8QUXBP399ucwda40nOW7Q=
                            [X-WC-Webhook-ID] => 6
                            [X-WC-Webhook-Delivery-ID] => 8dd951fefa472dea61a9780822ae0687
                        )

                )

            [Body] => Webhook body is not logged unless WP_DEBUG mode is turned on. This is to avoid the storing of personal data in the logs.
            [Response] => Array
                (
                    [Code] => 200
                    [Message] => OK
                    [Headers] => Requests_Utility_CaseInsensitiveDictionary Object
                        (
                            [data:protected] => Array
                                (
                                    [content-type] => text/html; charset=utf-8
                                    [date] => Mon, 08 Feb 2021 11:41:58 GMT
                                    [server] => nginx
                                    [vary] => Cookie
                                    [content-length] => 1
                                )

                        )

                    [Body] => Webhook body is not logged unless WP_DEBUG mode is turned on. This is to avoid the storing of personal data in the logs.
                )

        )

)

2021-02-08T11:41:59+00:00 INFO Array
(
    [Webhook Delivery] => Array
        (
            [Delivery ID] => a95536ee26bd9320a26508520a7653cf
            [Date] => velj 8, 2021 @ 11:41
            [URL] => https://a.klaviyo.com/api/webhook/integration/woocommerce?c=Sgzjtc
            [Duration] => 0.47142
            [Request] => Array
                (
                    [Method] => POST
                    [Headers] => Array
                        (
                            [User-Agent] => WooCommerce/3.8.1 Hookshot (WordPress/5.3.4)
                            [Content-Type] => application/json
                            [X-WC-Webhook-Source] => https://mrmaks.eu/hr/
                            [X-WC-Webhook-Topic] => order.updated
                            [X-WC-Webhook-Resource] => order
                            [X-WC-Webhook-Event] => updated
                            [X-WC-Webhook-Signature] => iz/zvKN+SwIATJh1it8yVX8QUXBP399ucwda40nOW7Q=
                            [X-WC-Webhook-ID] => 5
                            [X-WC-Webhook-Delivery-ID] => a95536ee26bd9320a26508520a7653cf
                        )

                )

            [Body] => Webhook body is not logged unless WP_DEBUG mode is turned on. This is to avoid the storing of personal data in the logs.
            [Response] => Array
                (
                    [Code] => 200
                    [Message] => OK
                    [Headers] => Requests_Utility_CaseInsensitiveDictionary Object
                        (
                            [data:protected] => Array
                                (
                                    [content-type] => text/html; charset=utf-8
                                    [date] => Mon, 08 Feb 2021 11:41:59 GMT
                                    [server] => nginx
                                    [vary] => Cookie
                                    [content-length] => 1
                                )

                        )

                    [Body] => Webhook body is not logged unless WP_DEBUG mode is turned on. This is to avoid the storing of personal data in the logs.
                )

        )

)

2021-02-08T11:43:35+00:00 INFO Array
(
    [Webhook Delivery] => Array
        (
            [Delivery ID] => 788b26eb6943695c7022df549748880e
            [Date] => velj 8, 2021 @ 11:43
            [URL] => https://a.klaviyo.com/api/webhook/integration/woocommerce?c=Sgzjtc
            [Duration] => 0.69944
            [Request] => Array
                (
                    [Method] => POST
                    [Headers] => Array
                        (
                            [User-Agent] => WooCommerce/3.8.1 Hookshot (WordPress/5.3.4)
                            [Content-Type] => application/json
                            [X-WC-Webhook-Source] => https://mrmaks.eu/hr/
                            [X-WC-Webhook-Topic] => order.updated
                            [X-WC-Webhook-Resource] => order
                            [X-WC-Webhook-Event] => updated
                            [X-WC-Webhook-Signature] => UvMbRHTkH9+H8LW3etZ8fA8F0uUniDwVkGuQPcLFfDM=
                            [X-WC-Webhook-ID] => 5
                            [X-WC-Webhook-Delivery-ID] => 788b26eb6943695c7022df549748880e
                        )

                )

            [Body] => Webhook body is not logged unless WP_DEBUG mode is turned on. This is to avoid the storing of personal data in the logs.
            [Response] => Array
                (
                    [Code] => 200
                    [Message] => OK
                    [Headers] => Requests_Utility_CaseInsensitiveDictionary Object
                        (
                            [data:protected] => Array
                                (
                                    [content-type] => text/html; charset=utf-8
                                    [date] => Mon, 08 Feb 2021 11:43:35 GMT
                                    [server] => nginx
                                    [vary] => Cookie
                                    [content-length] => 1
                                )

                        )

                    [Body] => Webhook body is not logged unless WP_DEBUG mode is turned on. This is to avoid the storing of personal data in the logs.
                )

        )

)

2021-02-08T11:46:18+00:00 INFO Array
(
    [Webhook Delivery] => Array
        (
            [Delivery ID] => f4e6cf330d569be4b72bd3aff1b08f36
            [Date] => velj 8, 2021 @ 11:46
            [URL] => https://a.klaviyo.com/api/webhook/integration/woocommerce?c=Sgzjtc
            [Duration] => 0.69024
            [Request] => Array
                (
                    [Method] => POST
                    [Headers] => Array
                        (
                            [User-Agent] => WooCommerce/3.8.1 Hookshot (WordPress/5.3.4)
                            [Content-Type] => application/json
                            [X-WC-Webhook-Source] => https://mrmaks.eu/hr/
                            [X-WC-Webhook-Topic] => order.updated
                            [X-WC-Webhook-Resource] => order
                            [X-WC-Webhook-Event] => updated
                            [X-WC-Webhook-Signature] => UvMbRHTkH9+H8LW3etZ8fA8F0uUniDwVkGuQPcLFfDM=
                            [X-WC-Webhook-ID] => 5
                            [X-WC-Webhook-Delivery-ID] => f4e6cf330d569be4b72bd3aff1b08f36
                        )

                )

            [Body] => Webhook body is not logged unless WP_DEBUG mode is turned on. This is to avoid the storing of personal data in the logs.
            [Response] => Array
                (
                    [Code] => 200
                    [Message] => OK
                    [Headers] => Requests_Utility_CaseInsensitiveDictionary Object
                        (
                            [data:protected] => Array
                                (
                                    [content-type] => text/html; charset=utf-8
                                    [date] => Mon, 08 Feb 2021 11:46:18 GMT
                                    [server] => nginx
                                    [vary] => Cookie
                                    [content-length] => 1
                                )

                        )

                    [Body] => Webhook body is not logged unless WP_DEBUG mode is turned on. This is to avoid the storing of personal data in the logs.
                )

        )

)

2021-02-08T15:06:33+00:00 INFO Array
(
    [Webhook Delivery] => Array
        (
            [Delivery ID] => 001c75e5472a1fbc84dd89573aed51ef
            [Date] => velj 8, 2021 @ 15:06
            [URL] => https://a.klaviyo.com/api/webhook/integration/woocommerce?c=Sgzjtc
            [Duration] => 0.68754
            [Request] => Array
                (
                    [Method] => POST
                    [Headers] => Array
                        (
                            [User-Agent] => WooCommerce/3.8.1 Hookshot (WordPress/5.3.4)
                            [Content-Type] => application/json
                            [X-WC-Webhook-Source] => https://mrmaks.eu/hr/
                            [X-WC-Webhook-Topic] => order.created
                            [X-WC-Webhook-Resource] => order
                            [X-WC-Webhook-Event] => created
                            [X-WC-Webhook-Signature] => 8oos35abluRFE1jJbLUWC4fPduMCcL1eGA47WQdMm+M=
                            [X-WC-Webhook-ID] => 6
                            [X-WC-Webhook-Delivery-ID] => 001c75e5472a1fbc84dd89573aed51ef
                        )

                )

            [Body] => Webhook body is not logged unless WP_DEBUG mode is turned on. This is to avoid the storing of personal data in the logs.
            [Response] => Array
                (
                    [Code] => 200
                    [Message] => OK
                    [Headers] => Requests_Utility_CaseInsensitiveDictionary Object
                        (
                            [data:protected] => Array
                                (
                                    [content-type] => text/html; charset=utf-8
                                    [date] => Mon, 08 Feb 2021 15:06:33 GMT
                                    [server] => nginx
                                    [vary] => Cookie
                                    [content-length] => 1
                                )

                        )

                    [Body] => Webhook body is not logged unless WP_DEBUG mode is turned on. This is to avoid the storing of personal data in the logs.
                )

        )

)

2021-02-08T15:06:34+00:00 INFO Array
(
    [Webhook Delivery] => Array
        (
            [Delivery ID] => 6f3cc773dc56867f776dbb745fb8f10b
            [Date] => velj 8, 2021 @ 15:06
            [URL] => https://a.klaviyo.com/api/webhook/integration/woocommerce?c=Sgzjtc
            [Duration] => 0.47685
            [Request] => Array
                (
                    [Method] => POST
                    [Headers] => Array
                        (
                            [User-Agent] => WooCommerce/3.8.1 Hookshot (WordPress/5.3.4)
                            [Content-Type] => application/json
                            [X-WC-Webhook-Source] => https://mrmaks.eu/hr/
                            [X-WC-Webhook-Topic] => order.updated
                            [X-WC-Webhook-Resource] => order
                            [X-WC-Webhook-Event] => updated
                            [X-WC-Webhook-Signature] => 8oos35abluRFE1jJbLUWC4fPduMCcL1eGA47WQdMm+M=
                            [X-WC-Webhook-ID] => 5
                            [X-WC-Webhook-Delivery-ID] => 6f3cc773dc56867f776dbb745fb8f10b
                        )

                )

            [Body] => Webhook body is not logged unless WP_DEBUG mode is turned on. This is to avoid the storing of personal data in the logs.
            [Response] => Array
                (
                    [Code] => 200
                    [Message] => OK
                    [Headers] => Requests_Utility_CaseInsensitiveDictionary Object
                        (
                            [data:protected] => Array
                                (
                                    [content-type] => text/html; charset=utf-8
                                    [date] => Mon, 08 Feb 2021 15:06:34 GMT
                                    [server] => nginx
                                    [vary] => Cookie
                                    [content-length] => 1
                                )

                        )

                    [Body] => Webhook body is not logged unless WP_DEBUG mode is turned on. This is to avoid the storing of personal data in the logs.
                )

        )

)

2021-02-08T15:21:56+00:00 INFO Array
(
    [Webhook Delivery] => Array
        (
            [Delivery ID] => 961962c6fca5f5056685957d9d2e1f88
            [Date] => velj 8, 2021 @ 15:21
            [URL] => https://a.klaviyo.com/api/webhook/integration/woocommerce?c=Sgzjtc
            [Duration] => 0.73086
            [Request] => Array
                (
                    [Method] => POST
                    [Headers] => Array
                        (
                            [User-Agent] => WooCommerce/3.8.1 Hookshot (WordPress/5.3.4)
                            [Content-Type] => application/json
                            [X-WC-Webhook-Source] => https://mrmaks.eu/hr/
                            [X-WC-Webhook-Topic] => order.created
                            [X-WC-Webhook-Resource] => order
                            [X-WC-Webhook-Event] => created
                            [X-WC-Webhook-Signature] => X9/y4O/5xEYs87KVClY3zFqe0R6XvQZRr0+rTRC4aoc=
                            [X-WC-Webhook-ID] => 6
                            [X-WC-Webhook-Delivery-ID] => 961962c6fca5f5056685957d9d2e1f88
                        )

                )

            [Body] => Webhook body is not logged unless WP_DEBUG mode is turned on. This is to avoid the storing of personal data in the logs.
            [Response] => Array
                (
                    [Code] => 200
                    [Message] => OK
                    [Headers] => Requests_Utility_CaseInsensitiveDictionary Object
                        (
                            [data:protected] => Array
                                (
                                    [content-type] => text/html; charset=utf-8
                                    [date] => Mon, 08 Feb 2021 15:21:56 GMT
                                    [server] => nginx
                                    [vary] => Cookie
                                    [content-length] => 1
                                )

                        )

                    [Body] => Webhook body is not logged unless WP_DEBUG mode is turned on. This is to avoid the storing of personal data in the logs.
                )

        )

)

2021-02-08T15:21:56+00:00 INFO Array
(
    [Webhook Delivery] => Array
        (
            [Delivery ID] => 16dd199d580d9fa5d758ac7445255b16
            [Date] => velj 8, 2021 @ 15:21
            [URL] => https://a.klaviyo.com/api/webhook/integration/woocommerce?c=Sgzjtc
            [Duration] => 0.47251
            [Request] => Array
                (
                    [Method] => POST
                    [Headers] => Array
                        (
                            [User-Agent] => WooCommerce/3.8.1 Hookshot (WordPress/5.3.4)
                            [Content-Type] => application/json
                            [X-WC-Webhook-Source] => https://mrmaks.eu/hr/
                            [X-WC-Webhook-Topic] => order.updated
                            [X-WC-Webhook-Resource] => order
                            [X-WC-Webhook-Event] => updated
                            [X-WC-Webhook-Signature] => X9/y4O/5xEYs87KVClY3zFqe0R6XvQZRr0+rTRC4aoc=
                            [X-WC-Webhook-ID] => 5
                            [X-WC-Webhook-Delivery-ID] => 16dd199d580d9fa5d758ac7445255b16
                        )

                )

            [Body] => Webhook body is not logged unless WP_DEBUG mode is turned on. This is to avoid the storing of personal data in the logs.
            [Response] => Array
                (
                    [Code] => 200
                    [Message] => OK
                    [Headers] => Requests_Utility_CaseInsensitiveDictionary Object
                        (
                            [data:protected] => Array
                                (
                                    [content-type] => text/html; charset=utf-8
                                    [date] => Mon, 08 Feb 2021 15:21:56 GMT
                                    [server] => nginx
                                    [vary] => Cookie
                                    [content-length] => 1
                                )

                        )

                    [Body] => Webhook body is not logged unless WP_DEBUG mode is turned on. This is to avoid the storing of personal data in the logs.
                )

        )

)

2021-02-08T15:32:28+00:00 INFO Array
(
    [Webhook Delivery] => Array
        (
            [Delivery ID] => caa5266eae323a32e95b744093847f34
            [Date] => velj 8, 2021 @ 15:32
            [URL] => https://a.klaviyo.com/api/webhook/integration/woocommerce?c=Sgzjtc
            [Duration] => 0.64143
            [Request] => Array
                (
                    [Method] => POST
                    [Headers] => Array
                        (
                            [User-Agent] => WooCommerce/3.8.1 Hookshot (WordPress/5.3.4)
                            [Content-Type] => application/json
                            [X-WC-Webhook-Source] => https://mrmaks.eu/hr/
                            [X-WC-Webhook-Topic] => order.created
                            [X-WC-Webhook-Resource] => order
                            [X-WC-Webhook-Event] => created
                            [X-WC-Webhook-Signature] => rDRr6cBhdQCglYWvJzmAiHMkgXBvP3hEGhgy3yl9oac=
                            [X-WC-Webhook-ID] => 6
                            [X-WC-Webhook-Delivery-ID] => caa5266eae323a32e95b744093847f34
                        )

                )

            [Body] => Webhook body is not logged unless WP_DEBUG mode is turned on. This is to avoid the storing of personal data in the logs.
            [Response] => Array
                (
                    [Code] => 200
                    [Message] => OK
                    [Headers] => Requests_Utility_CaseInsensitiveDictionary Object
                        (
                            [data:protected] => Array
                                (
                                    [content-type] => text/html; charset=utf-8
                                    [date] => Mon, 08 Feb 2021 15:32:28 GMT
                                    [server] => nginx
                                    [vary] => Cookie
                                    [content-length] => 1
                                )

                        )

                    [Body] => Webhook body is not logged unless WP_DEBUG mode is turned on. This is to avoid the storing of personal data in the logs.
                )

        )

)

2021-02-08T15:32:28+00:00 INFO Array
(
    [Webhook Delivery] => Array
        (
            [Delivery ID] => f6fec4a37c0e1484fdc7afc4bb6fe016
            [Date] => velj 8, 2021 @ 15:32
            [URL] => https://a.klaviyo.com/api/webhook/integration/woocommerce?c=Sgzjtc
            [Duration] => 0.47443
            [Request] => Array
                (
                    [Method] => POST
                    [Headers] => Array
                        (
                            [User-Agent] => WooCommerce/3.8.1 Hookshot (WordPress/5.3.4)
                            [Content-Type] => application/json
                            [X-WC-Webhook-Source] => https://mrmaks.eu/hr/
                            [X-WC-Webhook-Topic] => order.updated
                            [X-WC-Webhook-Resource] => order
                            [X-WC-Webhook-Event] => updated
                            [X-WC-Webhook-Signature] => rDRr6cBhdQCglYWvJzmAiHMkgXBvP3hEGhgy3yl9oac=
                            [X-WC-Webhook-ID] => 5
                            [X-WC-Webhook-Delivery-ID] => f6fec4a37c0e1484fdc7afc4bb6fe016
                        )

                )

            [Body] => Webhook body is not logged unless WP_DEBUG mode is turned on. This is to avoid the storing of personal data in the logs.
            [Response] => Array
                (
                    [Code] => 200
                    [Message] => OK
                    [Headers] => Requests_Utility_CaseInsensitiveDictionary Object
                        (
                            [data:protected] => Array
                                (
                                    [content-type] => text/html; charset=utf-8
                                    [date] => Mon, 08 Feb 2021 15:32:28 GMT
                                    [server] => nginx
                                    [vary] => Cookie
                                    [content-length] => 1
                                )

                        )

                    [Body] => Webhook body is not logged unless WP_DEBUG mode is turned on. This is to avoid the storing of personal data in the logs.
                )

        )

)

2021-02-08T17:01:49+00:00 INFO Array
(
    [Webhook Delivery] => Array
        (
            [Delivery ID] => da3a77ebb35bbc4ba2f8be12ddbf1523
            [Date] => velj 8, 2021 @ 17:01
            [URL] => https://a.klaviyo.com/api/webhook/integration/woocommerce?c=Sgzjtc
            [Duration] => 0.6816
            [Request] => Array
                (
                    [Method] => POST
                    [Headers] => Array
                        (
                            [User-Agent] => WooCommerce/3.8.1 Hookshot (WordPress/5.3.4)
                            [Content-Type] => application/json
                            [X-WC-Webhook-Source] => https://mrmaks.eu/hr/
                            [X-WC-Webhook-Topic] => order.updated
                            [X-WC-Webhook-Resource] => order
                            [X-WC-Webhook-Event] => updated
                            [X-WC-Webhook-Signature] => JIQhcWiGGjJtZPrkO4t/LB4RPiCfH1w41S2XuQ3Li0s=
                            [X-WC-Webhook-ID] => 5
                            [X-WC-Webhook-Delivery-ID] => da3a77ebb35bbc4ba2f8be12ddbf1523
                        )

                )

            [Body] => Webhook body is not logged unless WP_DEBUG mode is turned on. This is to avoid the storing of personal data in the logs.
            [Response] => Array
                (
                    [Code] => 200
                    [Message] => OK
                    [Headers] => Requests_Utility_CaseInsensitiveDictionary Object
                        (
                            [data:protected] => Array
                                (
                                    [content-type] => text/html; charset=utf-8
                                    [date] => Mon, 08 Feb 2021 17:01:49 GMT
                                    [server] => nginx
                                    [vary] => Cookie
                                    [content-length] => 1
                                )

                        )

                    [Body] => Webhook body is not logged unless WP_DEBUG mode is turned on. This is to avoid the storing of personal data in the logs.
                )

        )

)

2021-02-08T20:45:33+00:00 INFO Array
(
    [Webhook Delivery] => Array
        (
            [Delivery ID] => 9fb5759bfb563de64eab0c1bdd690a85
            [Date] => velj 8, 2021 @ 20:45
            [URL] => https://a.klaviyo.com/api/webhook/integration/woocommerce?c=Sgzjtc
            [Duration] => 0.67964
            [Request] => Array
                (
                    [Method] => POST
                    [Headers] => Array
                        (
                            [User-Agent] => WooCommerce/3.8.1 Hookshot (WordPress/5.3.4)
                            [Content-Type] => application/json
                            [X-WC-Webhook-Source] => https://mrmaks.eu/hr/
                            [X-WC-Webhook-Topic] => order.updated
                            [X-WC-Webhook-Resource] => order
                            [X-WC-Webhook-Event] => updated
                            [X-WC-Webhook-Signature] => zDvXNwYlu97IYk6SwW3j1EFSpxPBHmUMmgO3s/acvzg=
                            [X-WC-Webhook-ID] => 5
                            [X-WC-Webhook-Delivery-ID] => 9fb5759bfb563de64eab0c1bdd690a85
                        )

                )

            [Body] => Webhook body is not logged unless WP_DEBUG mode is turned on. This is to avoid the storing of personal data in the logs.
            [Response] => Array
                (
                    [Code] => 200
                    [Message] => OK
                    [Headers] => Requests_Utility_CaseInsensitiveDictionary Object
                        (
                            [data:protected] => Array
                                (
                                    [content-type] => text/html; charset=utf-8
                                    [date] => Mon, 08 Feb 2021 20:45:33 GMT
                                    [server] => nginx
                                    [vary] => Cookie
                                    [content-length] => 1
                                )

                        )

                    [Body] => Webhook body is not logged unless WP_DEBUG mode is turned on. This is to avoid the storing of personal data in the logs.
                )

        )

)

2021-02-08T21:29:17+00:00 INFO Array
(
    [Webhook Delivery] => Array
        (
            [Delivery ID] => a67b4d46ad41d49bcadfeb59a72205e5
            [Date] => velj 8, 2021 @ 21:29
            [URL] => https://a.klaviyo.com/api/webhook/integration/woocommerce?c=Sgzjtc
            [Duration] => 0.67421
            [Request] => Array
                (
                    [Method] => POST
                    [Headers] => Array
                        (
                            [User-Agent] => WooCommerce/3.8.1 Hookshot (WordPress/5.3.4)
                            [Content-Type] => application/json
                            [X-WC-Webhook-Source] => https://mrmaks.eu/hr/
                            [X-WC-Webhook-Topic] => order.created
                            [X-WC-Webhook-Resource] => order
                            [X-WC-Webhook-Event] => created
                            [X-WC-Webhook-Signature] => YR67XU2muV/Zpj6Jy8uLPpY4eUQko9EGz4e25Q9Tt7g=
                            [X-WC-Webhook-ID] => 6
                            [X-WC-Webhook-Delivery-ID] => a67b4d46ad41d49bcadfeb59a72205e5
                        )

                )

            [Body] => Webhook body is not logged unless WP_DEBUG mode is turned on. This is to avoid the storing of personal data in the logs.
            [Response] => Array
                (
                    [Code] => 200
                    [Message] => OK
                    [Headers] => Requests_Utility_CaseInsensitiveDictionary Object
                        (
                            [data:protected] => Array
                                (
                                    [content-type] => text/html; charset=utf-8
                                    [date] => Mon, 08 Feb 2021 21:29:17 GMT
                                    [server] => nginx
                                    [vary] => Cookie
                                    [content-length] => 1
                                )

                        )

                    [Body] => Webhook body is not logged unless WP_DEBUG mode is turned on. This is to avoid the storing of personal data in the logs.
                )

        )

)

2021-02-08T21:29:18+00:00 INFO Array
(
    [Webhook Delivery] => Array
        (
            [Delivery ID] => ddc5a2f37cfcf1e51add10ac3cf9ef0e
            [Date] => velj 8, 2021 @ 21:29
            [URL] => https://a.klaviyo.com/api/webhook/integration/woocommerce?c=Sgzjtc
            [Duration] => 0.50024
            [Request] => Array
                (
                    [Method] => POST
                    [Headers] => Array
                        (
                            [User-Agent] => WooCommerce/3.8.1 Hookshot (WordPress/5.3.4)
                            [Content-Type] => application/json
                            [X-WC-Webhook-Source] => https://mrmaks.eu/hr/
                            [X-WC-Webhook-Topic] => order.updated
                            [X-WC-Webhook-Resource] => order
                            [X-WC-Webhook-Event] => updated
                            [X-WC-Webhook-Signature] => YR67XU2muV/Zpj6Jy8uLPpY4eUQko9EGz4e25Q9Tt7g=
                            [X-WC-Webhook-ID] => 5
                            [X-WC-Webhook-Delivery-ID] => ddc5a2f37cfcf1e51add10ac3cf9ef0e
                        )

                )

            [Body] => Webhook body is not logged unless WP_DEBUG mode is turned on. This is to avoid the storing of personal data in the logs.
            [Response] => Array
                (
                    [Code] => 200
                    [Message] => OK
                    [Headers] => Requests_Utility_CaseInsensitiveDictionary Object
                        (
                            [data:protected] => Array
                                (
                                    [content-type] => text/html; charset=utf-8
                                    [date] => Mon, 08 Feb 2021 21:29:18 GMT
                                    [server] => nginx
                                    [vary] => Cookie
                                    [content-length] => 1
                                )

                        )

                    [Body] => Webhook body is not logged unless WP_DEBUG mode is turned on. This is to avoid the storing of personal data in the logs.
                )

        )

)

